2026-01-07 02:32:00,372 | INFO     | Log file: C:\Users\irisbridge\Desktop\projects\freqtrade\user_data\aco_logs\aco_run_20260107_023200.log
2026-01-07 02:32:00,405 | INFO     | Cleaned up 300 previous ACO strategy files from strategies/
2026-01-07 02:32:00,407 | INFO     | ============================================================
2026-01-07 02:32:00,407 | INFO     | ACO Optimization Configuration
2026-01-07 02:32:00,407 | INFO     | ============================================================
2026-01-07 02:32:00,407 | INFO     | Ants: 25
2026-01-07 02:32:00,407 | INFO     | Iterations: 100
2026-01-07 02:32:00,408 | INFO     | Alpha (pheromone): 1.0
2026-01-07 02:32:00,408 | INFO     | Beta (heuristic): 2.0
2026-01-07 02:32:00,408 | INFO     | Rho (evaporation): 0.1
2026-01-07 02:32:00,408 | INFO     | Min entry indicators: 2
2026-01-07 02:32:00,408 | INFO     | Max entry indicators: 5
2026-01-07 02:32:00,408 | INFO     | Min exit indicators: 1
2026-01-07 02:32:00,408 | INFO     | Max exit indicators: 4
2026-01-07 02:32:00,408 | INFO     | Estimated runtime: ~31.2 hours
2026-01-07 02:32:00,409 | INFO     | ============================================================
2026-01-07 02:32:00,409 | INFO     | 
This optimization will take a significant amount of time.
2026-01-07 02:32:00,409 | INFO     | Consider running in a screen/tmux session.
2026-01-07 02:32:08,256 | INFO     | Sleep prevention enabled (Windows will stay awake)
2026-01-07 02:32:08,258 | INFO     | Evaluation log: C:\Users\irisbridge\Desktop\projects\freqtrade\user_data\aco_logs\evaluation_logs_20260107_023208.log
2026-01-07 02:32:08,258 | INFO     | Starting ACO optimization: 100 iterations, 25 ants
2026-01-07 02:32:08,258 | INFO     | Total indicators: 83
2026-01-07 02:32:08,259 | INFO     | 
============================================================
2026-01-07 02:32:08,259 | INFO     | Iteration 1/100
2026-01-07 02:32:08,259 | INFO     | ============================================================
2026-01-07 02:32:08,264 | INFO     | Constructed 25 individuals, starting parallel evaluation...
2026-01-07 02:32:08,265 | INFO     | Generating strategy file for ACO_1_0...
2026-01-07 02:32:08,265 | INFO     | Generating strategy file for ACO_1_1...
2026-01-07 02:32:08,266 | INFO     | Generating strategy file for ACO_1_2...
2026-01-07 02:32:08,267 | INFO     | Generating strategy file for ACO_1_3...
2026-01-07 02:32:08,267 | INFO     | Running backtest for ACO_1_0...
2026-01-07 02:32:08,267 | INFO     | Generating strategy file for ACO_1_4...
2026-01-07 02:32:08,267 | INFO     | Generating strategy file for ACO_1_5...
2026-01-07 02:32:08,268 | INFO     | Running backtest for ACO_1_1...
2026-01-07 02:32:08,268 | INFO     | Generating strategy file for ACO_1_6...
2026-01-07 02:32:08,268 | INFO     | Generating strategy file for ACO_1_7...
2026-01-07 02:32:08,268 | INFO     | Generating strategy file for ACO_1_8...
2026-01-07 02:32:08,269 | INFO     | Generating strategy file for ACO_1_9...
2026-01-07 02:32:08,269 | INFO     | Generating strategy file for ACO_1_10...
2026-01-07 02:32:08,269 | INFO     | Generating strategy file for ACO_1_11...
2026-01-07 02:32:08,269 | INFO     | Generating strategy file for ACO_1_12...
2026-01-07 02:32:08,270 | INFO     | Generating strategy file for ACO_1_13...
2026-01-07 02:32:08,270 | INFO     | Generating strategy file for ACO_1_14...
2026-01-07 02:32:08,285 | INFO     | Running backtest for ACO_1_3...
2026-01-07 02:32:08,286 | INFO     | Running backtest for ACO_1_2...
2026-01-07 02:32:08,286 | INFO     | Running backtest for ACO_1_4...
2026-01-07 02:32:08,287 | INFO     | Running backtest for ACO_1_5...
2026-01-07 02:32:08,287 | INFO     | Running backtest for ACO_1_6...
2026-01-07 02:32:08,289 | INFO     | Running backtest for ACO_1_7...
2026-01-07 02:32:08,289 | INFO     | Running backtest for ACO_1_8...
2026-01-07 02:32:08,290 | INFO     | Running backtest for ACO_1_9...
2026-01-07 02:32:08,290 | INFO     | Running backtest for ACO_1_11...
2026-01-07 02:32:08,291 | INFO     | Running backtest for ACO_1_10...
2026-01-07 02:32:08,292 | INFO     | Running backtest for ACO_1_12...
2026-01-07 02:32:08,293 | INFO     | Running backtest for ACO_1_13...
2026-01-07 02:32:08,293 | INFO     | Running backtest for ACO_1_14...
2026-01-07 02:32:20,171 | INFO     | Backtest finished in 11.9s
2026-01-07 02:32:20,175 | DEBUG    | Detected headers: {'Strategy': 0, 'Trades': 1, 'Avg Profit %': 2, 'Tot Profit USDT': 3, 'Tot Profit %': 4, 'Avg Duration': 5, 'Win Draw Loss Win%': 6, 'Drawdown': 7}
2026-01-07 02:32:20,175 | DEBUG    | Row parts: ['ACO_1_12', '0', '0.00', '0.000', '0.0', '0:00', '0     0     0     0', '0 USDT  0.00%']
2026-01-07 02:32:20,176 | INFO     | ACO_1_12: fitness=0.00, trades=0, win_rate=0.00%
2026-01-07 02:32:20,179 | INFO     | Generating strategy file for ACO_1_15...
2026-01-07 02:32:20,188 | INFO     | Running backtest for ACO_1_15...
2026-01-07 02:32:23,547 | INFO     | Backtest finished in 15.3s
2026-01-07 02:32:23,555 | DEBUG    | Detected headers: {'Strategy': 0, 'Trades': 1, 'Avg Profit %': 2, 'Tot Profit USDT': 3, 'Tot Profit %': 4, 'Avg Duration': 5, 'Win Draw Loss Win%': 6, 'Drawdown': 7}
2026-01-07 02:32:23,566 | DEBUG    | Row parts: ['ACO_1_5', '0', '0.00', '0.000', '0.0', '0:00', '0     0     0     0', '0 USDT  0.00%']
2026-01-07 02:32:23,592 | INFO     | ACO_1_5: fitness=0.00, trades=0, win_rate=0.00%
2026-01-07 02:32:23,607 | INFO     | Generating strategy file for ACO_1_16...
2026-01-07 02:32:23,670 | INFO     | Running backtest for ACO_1_16...
2026-01-07 02:32:24,273 | INFO     | Backtest finished in 16.0s
2026-01-07 02:32:24,285 | DEBUG    | Detected headers: {'Strategy': 0, 'Trades': 1, 'Avg Profit %': 2, 'Tot Profit USDT': 3, 'Tot Profit %': 4, 'Avg Duration': 5, 'Win Draw Loss Win%': 6, 'Drawdown': 7}
2026-01-07 02:32:24,309 | DEBUG    | Row parts: ['ACO_1_4', '0', '0.00', '0.000', '0.0', '0:00', '0     0     0     0', '0 USDT  0.00%']
2026-01-07 02:32:24,310 | INFO     | ACO_1_4: fitness=0.00, trades=0, win_rate=0.00%
2026-01-07 02:32:24,360 | INFO     | Generating strategy file for ACO_1_17...
2026-01-07 02:32:24,454 | INFO     | Running backtest for ACO_1_17...
2026-01-07 02:32:24,457 | INFO     | Backtest finished in 16.2s
2026-01-07 02:32:24,572 | DEBUG    | Detected headers: {'Strategy': 0, 'Trades': 1, 'Avg Profit %': 2, 'Tot Profit USDT': 3, 'Tot Profit %': 4, 'Avg Duration': 5, 'Win Draw Loss Win%': 6, 'Drawdown': 7}
2026-01-07 02:32:24,572 | DEBUG    | Row parts: ['ACO_1_8', '0', '0.00', '0.000', '0.0', '0:00', '0     0     0     0', '0 USDT  0.00%']
2026-01-07 02:32:24,573 | INFO     | ACO_1_8: fitness=0.00, trades=0, win_rate=0.00%
2026-01-07 02:32:24,573 | INFO     | Generating strategy file for ACO_1_18...
2026-01-07 02:32:24,576 | INFO     | Running backtest for ACO_1_18...
2026-01-07 02:32:25,020 | INFO     | Backtest finished in 16.7s
2026-01-07 02:32:25,022 | DEBUG    | Detected headers: {'Strategy': 0, 'Trades': 1, 'Avg Profit %': 2, 'Tot Profit USDT': 3, 'Tot Profit %': 4, 'Avg Duration': 5, 'Win Draw Loss Win%': 6, 'Drawdown': 7}
2026-01-07 02:32:25,031 | DEBUG    | Row parts: ['ACO_1_3', '0', '0.00', '0.000', '0.0', '0:00', '0     0     0     0', '0 USDT  0.00%']
2026-01-07 02:32:25,038 | INFO     | ACO_1_3: fitness=0.00, trades=0, win_rate=0.00%
2026-01-07 02:32:25,055 | INFO     |   Evaluated 5/25 individuals
2026-01-07 02:32:25,055 | INFO     | Generating strategy file for ACO_1_19...
2026-01-07 02:32:25,097 | INFO     | Running backtest for ACO_1_19...
2026-01-07 02:32:25,296 | INFO     | Backtest finished in 17.0s
2026-01-07 02:32:25,297 | DEBUG    | Detected headers: {'Strategy': 0, 'Trades': 1, 'Avg Profit %': 2, 'Tot Profit USDT': 3, 'Tot Profit %': 4, 'Avg Duration': 5, 'Win Draw Loss Win%': 6, 'Drawdown': 7}
2026-01-07 02:32:25,298 | DEBUG    | Row parts: ['ACO_1_6', '0', '0.00', '0.000', '0.0', '0:00', '0     0     0     0', '0 USDT  0.00%']
2026-01-07 02:32:25,299 | INFO     | ACO_1_6: fitness=0.00, trades=0, win_rate=0.00%
2026-01-07 02:32:25,301 | INFO     | Generating strategy file for ACO_1_20...
2026-01-07 02:32:25,317 | INFO     | Running backtest for ACO_1_20...
2026-01-07 02:32:25,681 | INFO     | Backtest finished in 17.4s
2026-01-07 02:32:25,683 | DEBUG    | Detected headers: {'Strategy': 0, 'Trades': 1, 'Avg Profit %': 2, 'Tot Profit USDT': 3, 'Tot Profit %': 4, 'Avg Duration': 5, 'Win Draw Loss Win%': 6, 'Drawdown': 7}
2026-01-07 02:32:25,684 | DEBUG    | Row parts: ['ACO_1_11', '0', '0.00', '0.000', '0.0', '0:00', '0     0     0     0', '0 USDT  0.00%']
2026-01-07 02:32:25,685 | INFO     | ACO_1_11: fitness=0.00, trades=0, win_rate=0.00%
2026-01-07 02:32:25,699 | INFO     | Generating strategy file for ACO_1_21...
2026-01-07 02:32:25,724 | INFO     | Running backtest for ACO_1_21...
2026-01-07 02:32:26,177 | INFO     | Backtest finished in 17.9s
2026-01-07 02:32:26,182 | DEBUG    | Detected headers: {'Strategy': 0, 'Trades': 1, 'Avg Profit %': 2, 'Tot Profit USDT': 3, 'Tot Profit %': 4, 'Avg Duration': 5, 'Win Draw Loss Win%': 6, 'Drawdown': 7}
2026-01-07 02:32:26,183 | DEBUG    | Row parts: ['ACO_1_10', '0', '0.00', '0.000', '0.0', '0:00', '0     0     0     0', '0 USDT  0.00%']
2026-01-07 02:32:26,182 | INFO     | Backtest finished in 17.9s
2026-01-07 02:32:26,186 | DEBUG    | Detected headers: {'Strategy': 0, 'Trades': 1, 'Avg Profit %': 2, 'Tot Profit USDT': 3, 'Tot Profit %': 4, 'Avg Duration': 5, 'Win Draw Loss Win%': 6, 'Drawdown': 7}
2026-01-07 02:32:26,185 | INFO     | ACO_1_10: fitness=0.00, trades=0, win_rate=0.00%
2026-01-07 02:32:26,199 | DEBUG    | Row parts: ['ACO_1_0', '0', '0.00', '0.000', '0.0', '0:00', '0     0     0     0', '0 USDT  0.00%']
2026-01-07 02:32:26,203 | INFO     | Generating strategy file for ACO_1_22...
2026-01-07 02:32:26,204 | INFO     | ACO_1_0: fitness=0.00, trades=0, win_rate=0.00%
2026-01-07 02:32:26,210 | INFO     | Generating strategy file for ACO_1_23...
2026-01-07 02:32:26,212 | INFO     | Running backtest for ACO_1_22...
2026-01-07 02:32:26,213 | INFO     | Running backtest for ACO_1_23...
2026-01-07 02:32:26,347 | INFO     | Backtest finished in 18.0s
2026-01-07 02:32:26,386 | DEBUG    | Detected headers: {'Strategy': 0, 'Trades': 1, 'Avg Profit %': 2, 'Tot Profit USDT': 3, 'Tot Profit %': 4, 'Avg Duration': 5, 'Win Draw Loss Win%': 6, 'Drawdown': 7}
2026-01-07 02:32:26,404 | DEBUG    | Row parts: ['ACO_1_9', '0', '0.00', '0.000', '0.0', '0:00', '0     0     0     0', '0 USDT  0.00%']
2026-01-07 02:32:26,405 | INFO     | ACO_1_9: fitness=0.00, trades=0, win_rate=0.00%
2026-01-07 02:32:26,407 | INFO     |   Evaluated 10/25 individuals
2026-01-07 02:32:26,407 | INFO     | Generating strategy file for ACO_1_24...
2026-01-07 02:32:26,413 | INFO     | Running backtest for ACO_1_24...
2026-01-07 02:32:26,549 | INFO     | Backtest finished in 18.3s
2026-01-07 02:32:26,554 | DEBUG    | Detected headers: {'Strategy': 0, 'Trades': 1, 'Avg Profit %': 2, 'Tot Profit USDT': 3, 'Tot Profit %': 4, 'Avg Duration': 5, 'Win Draw Loss Win%': 6, 'Drawdown': 7}
2026-01-07 02:32:26,555 | DEBUG    | Row parts: ['ACO_1_2', '3', '-3.46', '-33.967', '-3.4', '0:40:00', '0     1     2     0', '33.967 USDT  3.40%']
2026-01-07 02:32:26,556 | INFO     | ACO_1_2: fitness=-33.97, trades=3, win_rate=0.00%
2026-01-07 02:32:26,580 | INFO     | Backtest finished in 18.3s
2026-01-07 02:32:26,582 | DEBUG    | Detected headers: {'Strategy': 0, 'Trades': 1, 'Avg Profit %': 2, 'Tot Profit USDT': 3, 'Tot Profit %': 4, 'Avg Duration': 5, 'Win Draw Loss Win%': 6, 'Drawdown': 7}
2026-01-07 02:32:26,586 | DEBUG    | Row parts: ['ACO_1_1', '0', '0.00', '0.000', '0.0', '0:00', '0     0     0     0', '0 USDT  0.00%']
2026-01-07 02:32:26,588 | INFO     | ACO_1_1: fitness=0.00, trades=0, win_rate=0.00%
2026-01-07 02:32:26,942 | INFO     | Backtest finished in 18.6s
2026-01-07 02:32:26,943 | DEBUG    | Detected headers: {'Strategy': 0, 'Trades': 1, 'Avg Profit %': 2, 'Tot Profit USDT': 3, 'Tot Profit %': 4, 'Avg Duration': 5, 'Win Draw Loss Win%': 6, 'Drawdown': 7}
2026-01-07 02:32:26,944 | DEBUG    | Row parts: ['ACO_1_7', '0', '0.00', '0.000', '0.0', '0:00', '0     0     0     0', '0 USDT  0.00%']
2026-01-07 02:32:26,946 | INFO     | ACO_1_7: fitness=0.00, trades=0, win_rate=0.00%
2026-01-07 02:32:27,104 | INFO     | Backtest finished in 18.8s
2026-01-07 02:32:27,110 | DEBUG    | Detected headers: {'Strategy': 0, 'Trades': 1, 'Avg Profit %': 2, 'Tot Profit USDT': 3, 'Tot Profit %': 4, 'Avg Duration': 5, 'Win Draw Loss Win%': 6, 'Drawdown': 7}
2026-01-07 02:32:27,114 | DEBUG    | Row parts: ['ACO_1_13', '36', '-0.28', '-32.739', '-3.27', '3:10:00', '11    15    10  30.6', '46.015 USDT  4.55%']
2026-01-07 02:32:27,115 | INFO     | ACO_1_13: fitness=-32.74, trades=36, win_rate=30.60%
2026-01-07 02:32:27,135 | INFO     | Backtest finished in 18.8s
2026-01-07 02:32:27,137 | DEBUG    | Detected headers: {'Strategy': 0, 'Trades': 1, 'Avg Profit %': 2, 'Tot Profit USDT': 3, 'Tot Profit %': 4, 'Avg Duration': 5, 'Win Draw Loss Win%': 6, 'Drawdown': 7}
2026-01-07 02:32:27,138 | DEBUG    | Row parts: ['ACO_1_14', '13', '-0.48', '-20.937', '-2.09', '5:00:00', '6     4     3  46.2', '31.028 USDT  3.10%']
2026-01-07 02:32:27,139 | INFO     | ACO_1_14: fitness=-20.94, trades=13, win_rate=46.20%
2026-01-07 02:32:27,140 | INFO     |   Evaluated 15/25 individuals
2026-01-07 02:32:34,955 | INFO     | Backtest finished in 14.8s
2026-01-07 02:32:34,957 | DEBUG    | Detected headers: {'Strategy': 0, 'Trades': 1, 'Avg Profit %': 2, 'Tot Profit USDT': 3, 'Tot Profit %': 4, 'Avg Duration': 5, 'Win Draw Loss Win%': 6, 'Drawdown': 7}
2026-01-07 02:32:34,957 | DEBUG    | Row parts: ['ACO_1_15', '5', '1.07', '17.727', '1.77', '2:24:00', '2     3     0   100', '0 USDT  0.00%']
2026-01-07 02:32:34,958 | INFO     | ACO_1_15: fitness=17.73, trades=5, win_rate=100.00%
2026-01-07 02:32:36,747 | INFO     | Backtest finished in 13.1s
2026-01-07 02:32:36,749 | DEBUG    | Detected headers: {'Strategy': 0, 'Trades': 1, 'Avg Profit %': 2, 'Tot Profit USDT': 3, 'Tot Profit %': 4, 'Avg Duration': 5, 'Win Draw Loss Win%': 6, 'Drawdown': 7}
2026-01-07 02:32:36,749 | DEBUG    | Row parts: ['ACO_1_16', '0', '0.00', '0.000', '0.0', '0:00', '0     0     0     0', '0 USDT  0.00%']
2026-01-07 02:32:36,749 | INFO     | ACO_1_16: fitness=0.00, trades=0, win_rate=0.00%
2026-01-07 02:32:37,618 | INFO     | Backtest finished in 13.0s
2026-01-07 02:32:37,619 | DEBUG    | Detected headers: {'Strategy': 0, 'Trades': 1, 'Avg Profit %': 2, 'Tot Profit USDT': 3, 'Tot Profit %': 4, 'Avg Duration': 5, 'Win Draw Loss Win%': 6, 'Drawdown': 7}
2026-01-07 02:32:37,620 | DEBUG    | Row parts: ['ACO_1_18', '0', '0.00', '0.000', '0.0', '0:00', '0     0     0     0', '0 USDT  0.00%']
2026-01-07 02:32:37,620 | INFO     | ACO_1_18: fitness=0.00, trades=0, win_rate=0.00%
2026-01-07 02:32:37,824 | INFO     | Backtest finished in 12.1s
2026-01-07 02:32:37,825 | DEBUG    | Detected headers: {'Strategy': 0, 'Trades': 1, 'Avg Profit %': 2, 'Tot Profit USDT': 3, 'Tot Profit %': 4, 'Avg Duration': 5, 'Win Draw Loss Win%': 6, 'Drawdown': 7}
2026-01-07 02:32:37,825 | DEBUG    | Row parts: ['ACO_1_21', '0', '0.00', '0.000', '0.0', '0:00', '0     0     0     0', '0 USDT  0.00%']
2026-01-07 02:32:37,826 | INFO     | ACO_1_21: fitness=0.00, trades=0, win_rate=0.00%
2026-01-07 02:32:37,898 | INFO     | Backtest finished in 13.3s
2026-01-07 02:32:37,899 | DEBUG    | Detected headers: {'Strategy': 0, 'Trades': 1, 'Avg Profit %': 2, 'Tot Profit USDT': 3, 'Tot Profit %': 4, 'Avg Duration': 5, 'Win Draw Loss Win%': 6, 'Drawdown': 7}
2026-01-07 02:32:37,899 | DEBUG    | Row parts: ['ACO_1_17', '0', '0.00', '0.000', '0.0', '0:00', '0     0     0     0', '0 USDT  0.00%']
2026-01-07 02:32:37,900 | INFO     | ACO_1_17: fitness=0.00, trades=0, win_rate=0.00%
2026-01-07 02:32:37,900 | INFO     |   Evaluated 20/25 individuals
2026-01-07 02:32:38,087 | INFO     | Backtest finished in 11.9s
2026-01-07 02:32:38,088 | DEBUG    | Detected headers: {'Strategy': 0, 'Trades': 1, 'Avg Profit %': 2, 'Tot Profit USDT': 3, 'Tot Profit %': 4, 'Avg Duration': 5, 'Win Draw Loss Win%': 6, 'Drawdown': 7}
2026-01-07 02:32:38,088 | DEBUG    | Row parts: ['ACO_1_22', '0', '0.00', '0.000', '0.0', '0:00', '0     0     0     0', '0 USDT  0.00%']
2026-01-07 02:32:38,089 | INFO     | ACO_1_22: fitness=0.00, trades=0, win_rate=0.00%
2026-01-07 02:32:38,263 | INFO     | Backtest finished in 12.0s
2026-01-07 02:32:38,263 | DEBUG    | Detected headers: {'Strategy': 0, 'Trades': 1, 'Avg Profit %': 2, 'Tot Profit USDT': 3, 'Tot Profit %': 4, 'Avg Duration': 5, 'Win Draw Loss Win%': 6, 'Drawdown': 7}
2026-01-07 02:32:38,264 | DEBUG    | Row parts: ['ACO_1_23', '0', '0.00', '0.000', '0.0', '0:00', '0     0     0     0', '0 USDT  0.00%']
2026-01-07 02:32:38,264 | INFO     | ACO_1_23: fitness=0.00, trades=0, win_rate=0.00%
2026-01-07 02:32:38,268 | INFO     | Backtest finished in 11.9s
2026-01-07 02:32:38,269 | DEBUG    | Detected headers: {'Strategy': 0, 'Trades': 1, 'Avg Profit %': 2, 'Tot Profit USDT': 3, 'Tot Profit %': 4, 'Avg Duration': 5, 'Win Draw Loss Win%': 6, 'Drawdown': 7}
2026-01-07 02:32:38,269 | DEBUG    | Row parts: ['ACO_1_24', '0', '0.00', '0.000', '0.0', '0:00', '0     0     0     0', '0 USDT  0.00%']
2026-01-07 02:32:38,269 | INFO     | ACO_1_24: fitness=0.00, trades=0, win_rate=0.00%
2026-01-07 02:32:38,394 | INFO     | Backtest finished in 13.1s
2026-01-07 02:32:38,396 | DEBUG    | Detected headers: {'Strategy': 0, 'Trades': 1, 'Avg Profit %': 2, 'Tot Profit USDT': 3, 'Tot Profit %': 4, 'Avg Duration': 5, 'Win Draw Loss Win%': 6, 'Drawdown': 7}
2026-01-07 02:32:38,396 | DEBUG    | Row parts: ['ACO_1_20', '0', '0.00', '0.000', '0.0', '0:00', '0     0     0     0', '0 USDT  0.00%']
2026-01-07 02:32:38,397 | INFO     | ACO_1_20: fitness=0.00, trades=0, win_rate=0.00%
2026-01-07 02:32:38,436 | INFO     | Backtest finished in 13.3s
2026-01-07 02:32:38,437 | DEBUG    | Detected headers: {'Strategy': 0, 'Trades': 1, 'Avg Profit %': 2, 'Tot Profit USDT': 3, 'Tot Profit %': 4, 'Avg Duration': 5, 'Win Draw Loss Win%': 6, 'Drawdown': 7}
2026-01-07 02:32:38,437 | DEBUG    | Row parts: ['ACO_1_19', '14', '-0.20', '-9.355', '-0.94', '3:04:00', '3     9     2  21.4', '22.539 USDT  2.24%']
2026-01-07 02:32:38,437 | INFO     | ACO_1_19: fitness=-9.36, trades=14, win_rate=21.40%
2026-01-07 02:32:38,437 | INFO     |   Evaluated 25/25 individuals
2026-01-07 02:32:38,438 | INFO     | *** New global best: 0.00 ***
2026-01-07 02:32:38,439 | INFO     | *** New global best: 17.73 ***
2026-01-07 02:32:38,439 | INFO     |   Top 5 pheromones:
2026-01-07 02:32:38,440 | INFO     |     [entry] MACD_slow: 2.935
2026-01-07 02:32:38,440 | INFO     |     [entry] BOP_standard: 2.935
2026-01-07 02:32:38,440 | INFO     |     [entry] AD_fast: 2.935
2026-01-07 02:32:38,440 | INFO     |     [exit ] BBANDS_tight: 2.935
2026-01-07 02:32:38,440 | INFO     |     [exit ] ADOSC_standard: 2.870
2026-01-07 02:32:38,440 | INFO     |   Bottom 5 pheromones:
2026-01-07 02:32:38,441 | INFO     |     [entry] RSI_standard: 0.832
2026-01-07 02:32:38,441 | INFO     |     [entry] BBANDS_wide: 0.832
2026-01-07 02:32:38,441 | INFO     |     [entry] BBANDS_fast: 0.832
2026-01-07 02:32:38,441 | INFO     |     [entry] NATR_standard: 0.832
2026-01-07 02:32:38,441 | INFO     |     [exit ] MACD_slow: 0.832
2026-01-07 02:32:38,442 | INFO     | Iteration 1 summary:
2026-01-07 02:32:38,442 | INFO     |   Global best: 17.73
2026-01-07 02:32:38,442 | INFO     |   Iteration best: 17.73
2026-01-07 02:32:38,442 | INFO     |   Valid solutions: 25/25
2026-01-07 02:32:38,442 | INFO     |   Mean fitness: -3.17
2026-01-07 02:32:38,443 | INFO     | 
============================================================
2026-01-07 02:32:38,443 | INFO     | Iteration 2/100
2026-01-07 02:32:38,443 | INFO     | ============================================================
2026-01-07 02:32:38,448 | INFO     | Constructed 25 individuals, starting parallel evaluation...
2026-01-07 02:32:38,450 | INFO     | Generating strategy file for ACO_2_0...
2026-01-07 02:32:38,451 | INFO     | Generating strategy file for ACO_2_1...
2026-01-07 02:32:38,451 | INFO     | Generating strategy file for ACO_2_2...
2026-01-07 02:32:38,452 | INFO     | Generating strategy file for ACO_2_3...
2026-01-07 02:32:38,452 | INFO     | Generating strategy file for ACO_2_4...
2026-01-07 02:32:38,453 | INFO     | Generating strategy file for ACO_2_5...
2026-01-07 02:32:38,454 | INFO     | Generating strategy file for ACO_2_6...
2026-01-07 02:32:38,454 | INFO     | Running backtest for ACO_2_0...
2026-01-07 02:32:38,455 | INFO     | Generating strategy file for ACO_2_7...
2026-01-07 02:32:38,455 | INFO     | Running backtest for ACO_2_1...
2026-01-07 02:32:38,456 | INFO     | Generating strategy file for ACO_2_8...
2026-01-07 02:32:38,456 | INFO     | Generating strategy file for ACO_2_9...
2026-01-07 02:32:38,456 | INFO     | Running backtest for ACO_2_2...
2026-01-07 02:32:38,457 | INFO     | Generating strategy file for ACO_2_10...
2026-01-07 02:32:38,457 | INFO     | Running backtest for ACO_2_3...
2026-01-07 02:32:38,457 | INFO     | Generating strategy file for ACO_2_11...
2026-01-07 02:32:38,458 | INFO     | Running backtest for ACO_2_4...
2026-01-07 02:32:38,458 | INFO     | Generating strategy file for ACO_2_12...
2026-01-07 02:32:38,459 | INFO     | Generating strategy file for ACO_2_13...
2026-01-07 02:32:38,460 | INFO     | Running backtest for ACO_2_5...
2026-01-07 02:32:38,460 | INFO     | Generating strategy file for ACO_2_14...
2026-01-07 02:32:38,463 | INFO     | Running backtest for ACO_2_6...
2026-01-07 02:32:38,465 | INFO     | Running backtest for ACO_2_7...
2026-01-07 02:32:38,468 | INFO     | Running backtest for ACO_2_8...
2026-01-07 02:32:38,470 | INFO     | Running backtest for ACO_2_10...
2026-01-07 02:32:38,470 | INFO     | Running backtest for ACO_2_9...
2026-01-07 02:32:38,472 | INFO     | Running backtest for ACO_2_11...
2026-01-07 02:32:38,474 | INFO     | Running backtest for ACO_2_13...
2026-01-07 02:32:38,475 | INFO     | Running backtest for ACO_2_12...
2026-01-07 02:32:38,485 | INFO     | Running backtest for ACO_2_14...
2026-01-07 02:32:53,542 | INFO     | Backtest finished in 15.1s
2026-01-07 02:32:53,547 | DEBUG    | Detected headers: {'Strategy': 0, 'Trades': 1, 'Avg Profit %': 2, 'Tot Profit USDT': 3, 'Tot Profit %': 4, 'Avg Duration': 5, 'Win Draw Loss Win%': 6, 'Drawdown': 7}
2026-01-07 02:32:53,557 | DEBUG    | Row parts: ['ACO_2_14', '0', '0.00', '0.000', '0.0', '0:00', '0     0     0     0', '0 USDT  0.00%']
2026-01-07 02:32:53,560 | INFO     | ACO_2_14: fitness=0.00, trades=0, win_rate=0.00%
2026-01-07 02:32:53,569 | INFO     | Generating strategy file for ACO_2_15...
2026-01-07 02:32:53,598 | INFO     | Running backtest for ACO_2_15...
2026-01-07 02:32:53,995 | INFO     | Backtest finished in 15.5s
2026-01-07 02:32:54,002 | DEBUG    | Detected headers: {'Strategy': 0, 'Trades': 1, 'Avg Profit %': 2, 'Tot Profit USDT': 3, 'Tot Profit %': 4, 'Avg Duration': 5, 'Win Draw Loss Win%': 6, 'Drawdown': 7}
2026-01-07 02:32:54,006 | DEBUG    | Row parts: ['ACO_2_0', '0', '0.00', '0.000', '0.0', '0:00', '0     0     0     0', '0 USDT  0.00%']
2026-01-07 02:32:54,012 | INFO     | ACO_2_0: fitness=0.00, trades=0, win_rate=0.00%
2026-01-07 02:32:54,016 | INFO     | Generating strategy file for ACO_2_16...
2026-01-07 02:32:54,020 | INFO     | Running backtest for ACO_2_16...
2026-01-07 02:32:54,250 | INFO     | Backtest finished in 15.8s
2026-01-07 02:32:54,260 | DEBUG    | Detected headers: {'Strategy': 0, 'Trades': 1, 'Avg Profit %': 2, 'Tot Profit USDT': 3, 'Tot Profit %': 4, 'Avg Duration': 5, 'Win Draw Loss Win%': 6, 'Drawdown': 7}
2026-01-07 02:32:54,264 | DEBUG    | Row parts: ['ACO_2_7', '0', '0.00', '0.000', '0.0', '0:00', '0     0     0     0', '0 USDT  0.00%']
2026-01-07 02:32:54,271 | INFO     | ACO_2_7: fitness=0.00, trades=0, win_rate=0.00%
2026-01-07 02:32:54,299 | INFO     | Generating strategy file for ACO_2_17...
2026-01-07 02:32:54,311 | INFO     | Running backtest for ACO_2_17...
2026-01-07 02:32:54,433 | INFO     | Backtest finished in 16.0s
2026-01-07 02:32:54,441 | DEBUG    | Detected headers: {'Strategy': 0, 'Trades': 1, 'Avg Profit %': 2, 'Tot Profit USDT': 3, 'Tot Profit %': 4, 'Avg Duration': 5, 'Win Draw Loss Win%': 6, 'Drawdown': 7}
2026-01-07 02:32:54,449 | DEBUG    | Row parts: ['ACO_2_6', '0', '0.00', '0.000', '0.0', '0:00', '0     0     0     0', '0 USDT  0.00%']
2026-01-07 02:32:54,461 | INFO     | ACO_2_6: fitness=0.00, trades=0, win_rate=0.00%
2026-01-07 02:32:54,488 | INFO     | Generating strategy file for ACO_2_18...
2026-01-07 02:32:54,509 | INFO     | Running backtest for ACO_2_18...
2026-01-07 02:32:55,093 | INFO     | Backtest finished in 16.6s
2026-01-07 02:32:55,098 | DEBUG    | Detected headers: {'Strategy': 0, 'Trades': 1, 'Avg Profit %': 2, 'Tot Profit USDT': 3, 'Tot Profit %': 4, 'Avg Duration': 5, 'Win Draw Loss Win%': 6, 'Drawdown': 7}
2026-01-07 02:32:55,100 | DEBUG    | Row parts: ['ACO_2_13', '0', '0.00', '0.000', '0.0', '0:00', '0     0     0     0', '0 USDT  0.00%']
2026-01-07 02:32:55,107 | INFO     | ACO_2_13: fitness=0.00, trades=0, win_rate=0.00%
2026-01-07 02:32:55,125 | INFO     |   Evaluated 5/25 individuals
2026-01-07 02:32:55,125 | INFO     | Generating strategy file for ACO_2_19...
2026-01-07 02:32:55,159 | INFO     | Running backtest for ACO_2_19...
2026-01-07 02:32:55,340 | INFO     | Backtest finished in 16.9s
2026-01-07 02:32:55,342 | DEBUG    | Detected headers: {'Strategy': 0, 'Trades': 1, 'Avg Profit %': 2, 'Tot Profit USDT': 3, 'Tot Profit %': 4, 'Avg Duration': 5, 'Win Draw Loss Win%': 6, 'Drawdown': 7}
2026-01-07 02:32:55,354 | DEBUG    | Row parts: ['ACO_2_4', '3', '-1.17', '-11.719', '-1.17', '3:20:00', '1     1     1  33.3', '17.221 USDT  1.71%']
2026-01-07 02:32:55,364 | INFO     | ACO_2_4: fitness=-11.72, trades=3, win_rate=33.30%
2026-01-07 02:32:55,372 | INFO     | Generating strategy file for ACO_2_20...
2026-01-07 02:32:55,398 | INFO     | Running backtest for ACO_2_20...
2026-01-07 02:32:55,458 | INFO     | Backtest finished in 17.0s
2026-01-07 02:32:55,472 | DEBUG    | Detected headers: {'Strategy': 0, 'Trades': 1, 'Avg Profit %': 2, 'Tot Profit USDT': 3, 'Tot Profit %': 4, 'Avg Duration': 5, 'Win Draw Loss Win%': 6, 'Drawdown': 7}
2026-01-07 02:32:55,475 | DEBUG    | Row parts: ['ACO_2_9', '42', '0.08', '10.386', '1.04', '3:19:00', '22    14     6  52.4', '33.967 USDT  3.40%']
2026-01-07 02:32:55,476 | INFO     | Backtest finished in 17.0s
2026-01-07 02:32:55,479 | INFO     | ACO_2_9: fitness=10.39, trades=42, win_rate=52.40%
2026-01-07 02:32:55,487 | DEBUG    | Detected headers: {'Strategy': 0, 'Trades': 1, 'Avg Profit %': 2, 'Tot Profit USDT': 3, 'Tot Profit %': 4, 'Avg Duration': 5, 'Win Draw Loss Win%': 6, 'Drawdown': 7}
2026-01-07 02:32:55,489 | DEBUG    | Row parts: ['ACO_2_12', '0', '0.00', '0.000', '0.0', '0:00', '0     0     0     0', '0 USDT  0.00%']
2026-01-07 02:32:55,488 | INFO     | Generating strategy file for ACO_2_21...
2026-01-07 02:32:55,490 | INFO     | ACO_2_12: fitness=0.00, trades=0, win_rate=0.00%
2026-01-07 02:32:55,492 | INFO     | Generating strategy file for ACO_2_22...
2026-01-07 02:32:55,497 | INFO     | Running backtest for ACO_2_21...
2026-01-07 02:32:55,505 | INFO     | Running backtest for ACO_2_22...
2026-01-07 02:32:55,823 | INFO     | Backtest finished in 17.3s
2026-01-07 02:32:55,824 | DEBUG    | Detected headers: {'Strategy': 0, 'Trades': 1, 'Avg Profit %': 2, 'Tot Profit USDT': 3, 'Tot Profit %': 4, 'Avg Duration': 5, 'Win Draw Loss Win%': 6, 'Drawdown': 7}
2026-01-07 02:32:55,824 | DEBUG    | Row parts: ['ACO_2_10', '0', '0.00', '0.000', '0.0', '0:00', '0     0     0     0', '0 USDT  0.00%']
2026-01-07 02:32:55,825 | INFO     | ACO_2_10: fitness=0.00, trades=0, win_rate=0.00%
2026-01-07 02:32:55,825 | INFO     | Generating strategy file for ACO_2_23...
2026-01-07 02:32:55,829 | INFO     | Running backtest for ACO_2_23...
2026-01-07 02:32:55,932 | INFO     | Backtest finished in 17.5s
2026-01-07 02:32:55,941 | DEBUG    | Detected headers: {'Strategy': 0, 'Trades': 1, 'Avg Profit %': 2, 'Tot Profit USDT': 3, 'Tot Profit %': 4, 'Avg Duration': 5, 'Win Draw Loss Win%': 6, 'Drawdown': 7}
2026-01-07 02:32:55,942 | DEBUG    | Row parts: ['ACO_2_5', '0', '0.00', '0.000', '0.0', '0:00', '0     0     0     0', '0 USDT  0.00%']
2026-01-07 02:32:55,942 | INFO     | ACO_2_5: fitness=0.00, trades=0, win_rate=0.00%
2026-01-07 02:32:55,945 | INFO     |   Evaluated 10/25 individuals
2026-01-07 02:32:55,944 | INFO     | Generating strategy file for ACO_2_24...
2026-01-07 02:32:55,948 | INFO     | Running backtest for ACO_2_24...
2026-01-07 02:32:56,125 | INFO     | Backtest finished in 17.7s
2026-01-07 02:32:56,135 | DEBUG    | Detected headers: {'Strategy': 0, 'Trades': 1, 'Avg Profit %': 2, 'Tot Profit USDT': 3, 'Tot Profit %': 4, 'Avg Duration': 5, 'Win Draw Loss Win%': 6, 'Drawdown': 7}
2026-01-07 02:32:56,136 | DEBUG    | Row parts: ['ACO_2_2', '0', '0.00', '0.000', '0.0', '0:00', '0     0     0     0', '0 USDT  0.00%']
2026-01-07 02:32:56,136 | INFO     | ACO_2_2: fitness=0.00, trades=0, win_rate=0.00%
2026-01-07 02:32:56,207 | INFO     | Backtest finished in 17.7s
2026-01-07 02:32:56,209 | DEBUG    | Detected headers: {'Strategy': 0, 'Trades': 1, 'Avg Profit %': 2, 'Tot Profit USDT': 3, 'Tot Profit %': 4, 'Avg Duration': 5, 'Win Draw Loss Win%': 6, 'Drawdown': 7}
2026-01-07 02:32:56,213 | DEBUG    | Row parts: ['ACO_2_3', '0', '0.00', '0.000', '0.0', '0:00', '0     0     0     0', '0 USDT  0.00%']
2026-01-07 02:32:56,217 | INFO     | ACO_2_3: fitness=0.00, trades=0, win_rate=0.00%
2026-01-07 02:32:56,326 | INFO     | Backtest finished in 17.8s
2026-01-07 02:32:56,334 | DEBUG    | Detected headers: {'Strategy': 0, 'Trades': 1, 'Avg Profit %': 2, 'Tot Profit USDT': 3, 'Tot Profit %': 4, 'Avg Duration': 5, 'Win Draw Loss Win%': 6, 'Drawdown': 7}
2026-01-07 02:32:56,336 | DEBUG    | Row parts: ['ACO_2_11', '6', '-1.49', '-29.297', '-2.93', '6:00:00', '2     2     2  33.3', '33.964 USDT  3.40%']
2026-01-07 02:32:56,337 | INFO     | ACO_2_11: fitness=-29.30, trades=6, win_rate=33.30%
2026-01-07 02:32:56,472 | INFO     | Backtest finished in 18.0s
2026-01-07 02:32:56,474 | DEBUG    | Detected headers: {'Strategy': 0, 'Trades': 1, 'Avg Profit %': 2, 'Tot Profit USDT': 3, 'Tot Profit %': 4, 'Avg Duration': 5, 'Win Draw Loss Win%': 6, 'Drawdown': 7}
2026-01-07 02:32:56,476 | DEBUG    | Row parts: ['ACO_2_1', '147', '-0.46', '-204.322', '-20.43', '5:12:00', '53    59    35  36.1', '216.059 USDT  21.52%']
2026-01-07 02:32:56,479 | INFO     | ACO_2_1: fitness=-204.32, trades=147, win_rate=36.10%
2026-01-07 02:32:56,526 | INFO     | Backtest finished in 18.0s
2026-01-07 02:32:56,530 | DEBUG    | Detected headers: {'Strategy': 0, 'Trades': 1, 'Avg Profit %': 2, 'Tot Profit USDT': 3, 'Tot Profit %': 4, 'Avg Duration': 5, 'Win Draw Loss Win%': 6, 'Drawdown': 7}
2026-01-07 02:32:56,534 | DEBUG    | Row parts: ['ACO_2_8', '1', '0.14', '0.464', '0.05', '2:00:00', '1     0     0   100', '0 USDT  0.00%']
2026-01-07 02:32:56,536 | INFO     | ACO_2_8: fitness=0.46, trades=1, win_rate=100.00%
2026-01-07 02:32:56,538 | INFO     |   Evaluated 15/25 individuals
2026-01-07 02:33:05,606 | INFO     | Backtest finished in 12.0s
2026-01-07 02:33:05,609 | DEBUG    | Detected headers: {'Strategy': 0, 'Trades': 1, 'Avg Profit %': 2, 'Tot Profit USDT': 3, 'Tot Profit %': 4, 'Avg Duration': 5, 'Win Draw Loss Win%': 6, 'Drawdown': 7}
2026-01-07 02:33:05,611 | DEBUG    | Row parts: ['ACO_2_15', '0', '0.00', '0.000', '0.0', '0:00', '0     0     0     0', '0 USDT  0.00%']
2026-01-07 02:33:05,614 | INFO     | ACO_2_15: fitness=0.00, trades=0, win_rate=0.00%
2026-01-07 02:33:07,206 | INFO     | Backtest finished in 13.2s
2026-01-07 02:33:07,207 | DEBUG    | Detected headers: {'Strategy': 0, 'Trades': 1, 'Avg Profit %': 2, 'Tot Profit USDT': 3, 'Tot Profit %': 4, 'Avg Duration': 5, 'Win Draw Loss Win%': 6, 'Drawdown': 7}
2026-01-07 02:33:07,207 | DEBUG    | Row parts: ['ACO_2_16', '1', '0.45', '1.495', '0.15', '2:00:00', '1     0     0   100', '0 USDT  0.00%']
2026-01-07 02:33:07,208 | INFO     | ACO_2_16: fitness=1.50, trades=1, win_rate=100.00%
2026-01-07 02:33:07,494 | INFO     | Backtest finished in 12.0s
2026-01-07 02:33:07,495 | DEBUG    | Detected headers: {'Strategy': 0, 'Trades': 1, 'Avg Profit %': 2, 'Tot Profit USDT': 3, 'Tot Profit %': 4, 'Avg Duration': 5, 'Win Draw Loss Win%': 6, 'Drawdown': 7}
2026-01-07 02:33:07,496 | DEBUG    | Row parts: ['ACO_2_21', '0', '0.00', '0.000', '0.0', '0:00', '0     0     0     0', '0 USDT  0.00%']
2026-01-07 02:33:07,496 | INFO     | ACO_2_21: fitness=0.00, trades=0, win_rate=0.00%
2026-01-07 02:33:07,524 | INFO     | Backtest finished in 11.7s
2026-01-07 02:33:07,525 | DEBUG    | Detected headers: {'Strategy': 0, 'Trades': 1, 'Avg Profit %': 2, 'Tot Profit USDT': 3, 'Tot Profit %': 4, 'Avg Duration': 5, 'Win Draw Loss Win%': 6, 'Drawdown': 7}
2026-01-07 02:33:07,526 | DEBUG    | Row parts: ['ACO_2_23', '0', '0.00', '0.000', '0.0', '0:00', '0     0     0     0', '0 USDT  0.00%']
2026-01-07 02:33:07,527 | INFO     | ACO_2_23: fitness=0.00, trades=0, win_rate=0.00%
2026-01-07 02:33:07,543 | INFO     | Backtest finished in 12.0s
2026-01-07 02:33:07,544 | DEBUG    | Detected headers: {'Strategy': 0, 'Trades': 1, 'Avg Profit %': 2, 'Tot Profit USDT': 3, 'Tot Profit %': 4, 'Avg Duration': 5, 'Win Draw Loss Win%': 6, 'Drawdown': 7}
2026-01-07 02:33:07,544 | DEBUG    | Row parts: ['ACO_2_22', '0', '0.00', '0.000', '0.0', '0:00', '0     0     0     0', '0 USDT  0.00%']
2026-01-07 02:33:07,545 | INFO     | ACO_2_22: fitness=0.00, trades=0, win_rate=0.00%
2026-01-07 02:33:07,546 | INFO     |   Evaluated 20/25 individuals
2026-01-07 02:33:07,589 | INFO     | Backtest finished in 12.2s
2026-01-07 02:33:07,590 | DEBUG    | Detected headers: {'Strategy': 0, 'Trades': 1, 'Avg Profit %': 2, 'Tot Profit USDT': 3, 'Tot Profit %': 4, 'Avg Duration': 5, 'Win Draw Loss Win%': 6, 'Drawdown': 7}
2026-01-07 02:33:07,590 | DEBUG    | Row parts: ['ACO_2_20', '0', '0.00', '0.000', '0.0', '0:00', '0     0     0     0', '0 USDT  0.00%']
2026-01-07 02:33:07,591 | INFO     | ACO_2_20: fitness=0.00, trades=0, win_rate=0.00%
2026-01-07 02:33:07,951 | INFO     | Backtest finished in 12.8s
2026-01-07 02:33:07,952 | INFO     | Backtest finished in 13.4s
2026-01-07 02:33:07,952 | DEBUG    | Detected headers: {'Strategy': 0, 'Trades': 1, 'Avg Profit %': 2, 'Tot Profit USDT': 3, 'Tot Profit %': 4, 'Avg Duration': 5, 'Win Draw Loss Win%': 6, 'Drawdown': 7}
2026-01-07 02:33:07,953 | DEBUG    | Detected headers: {'Strategy': 0, 'Trades': 1, 'Avg Profit %': 2, 'Tot Profit USDT': 3, 'Tot Profit %': 4, 'Avg Duration': 5, 'Win Draw Loss Win%': 6, 'Drawdown': 7}
2026-01-07 02:33:07,953 | DEBUG    | Row parts: ['ACO_2_19', '0', '0.00', '0.000', '0.0', '0:00', '0     0     0     0', '0 USDT  0.00%']
2026-01-07 02:33:07,953 | DEBUG    | Row parts: ['ACO_2_18', '22', '-0.05', '-3.949', '-0.39', '2:11:00', '10    10     2  45.5', '34.181 USDT  3.40%']
2026-01-07 02:33:07,954 | INFO     | ACO_2_19: fitness=0.00, trades=0, win_rate=0.00%
2026-01-07 02:33:07,954 | INFO     | ACO_2_18: fitness=-3.95, trades=22, win_rate=45.50%
2026-01-07 02:33:08,062 | INFO     | Backtest finished in 13.7s
2026-01-07 02:33:08,063 | DEBUG    | Detected headers: {'Strategy': 0, 'Trades': 1, 'Avg Profit %': 2, 'Tot Profit USDT': 3, 'Tot Profit %': 4, 'Avg Duration': 5, 'Win Draw Loss Win%': 6, 'Drawdown': 7}
2026-01-07 02:33:08,063 | DEBUG    | Row parts: ['ACO_2_17', '54', '-0.62', '-105.848', '-10.58', '6:22:00', '21    23    10  38.9', '133.89 USDT  13.11%']
2026-01-07 02:33:08,064 | INFO     | ACO_2_17: fitness=-105.85, trades=54, win_rate=38.90%
2026-01-07 02:33:08,149 | INFO     | Backtest finished in 12.2s
2026-01-07 02:33:08,150 | DEBUG    | Detected headers: {'Strategy': 0, 'Trades': 1, 'Avg Profit %': 2, 'Tot Profit USDT': 3, 'Tot Profit %': 4, 'Avg Duration': 5, 'Win Draw Loss Win%': 6, 'Drawdown': 7}
2026-01-07 02:33:08,150 | DEBUG    | Row parts: ['ACO_2_24', '11', '-0.70', '-25.804', '-2.58', '3:00:00', '6     2     3  54.5', '32.569 USDT  3.26%']
2026-01-07 02:33:08,150 | INFO     | ACO_2_24: fitness=-25.80, trades=11, win_rate=54.50%
2026-01-07 02:33:08,151 | INFO     |   Evaluated 25/25 individuals
2026-01-07 02:33:08,153 | INFO     |   Top 5 pheromones:
2026-01-07 02:33:08,153 | INFO     |     [entry] MACD_slow: 2.669
2026-01-07 02:33:08,153 | INFO     |     [exit ] ADOSC_standard: 2.618
2026-01-07 02:33:08,154 | INFO     |     [entry] BOP_standard: 2.467
2026-01-07 02:33:08,154 | INFO     |     [exit ] BBANDS_tight: 2.467
2026-01-07 02:33:08,154 | INFO     |     [entry] AD_fast: 2.283
2026-01-07 02:33:08,154 | INFO     |   Bottom 5 pheromones:
2026-01-07 02:33:08,155 | INFO     |     [exit ] SAR_standard: 0.598
2026-01-07 02:33:08,155 | INFO     |     [exit ] MOM_fast: 0.417
2026-01-07 02:33:08,155 | INFO     |     [exit ] STOCH_slow: 0.401
2026-01-07 02:33:08,155 | INFO     |     [exit ] ATR_standard: 0.401
2026-01-07 02:33:08,156 | INFO     |     [exit ] NATR_standard: 0.385
2026-01-07 02:33:08,156 | INFO     | Iteration 2 summary:
2026-01-07 02:33:08,156 | INFO     |   Global best: 17.73
2026-01-07 02:33:08,157 | INFO     |   Iteration best: 10.39
2026-01-07 02:33:08,157 | INFO     |   Valid solutions: 25/25
2026-01-07 02:33:08,157 | INFO     |   Mean fitness: -14.74
2026-01-07 02:33:08,157 | INFO     | 
============================================================
2026-01-07 02:33:08,158 | INFO     | Iteration 3/100
2026-01-07 02:33:08,158 | INFO     | ============================================================
2026-01-07 02:33:08,168 | INFO     | Constructed 25 individuals, starting parallel evaluation...
2026-01-07 02:33:08,169 | INFO     | Generating strategy file for ACO_3_0...
2026-01-07 02:33:08,170 | INFO     | Generating strategy file for ACO_3_1...
2026-01-07 02:33:08,170 | INFO     | Generating strategy file for ACO_3_2...
2026-01-07 02:33:08,171 | INFO     | Generating strategy file for ACO_3_3...
2026-01-07 02:33:08,171 | INFO     | Generating strategy file for ACO_3_4...
2026-01-07 02:33:08,172 | INFO     | Generating strategy file for ACO_3_5...
2026-01-07 02:33:08,173 | INFO     | Generating strategy file for ACO_3_6...
2026-01-07 02:33:08,174 | INFO     | Running backtest for ACO_3_1...
2026-01-07 02:33:08,174 | INFO     | Generating strategy file for ACO_3_7...
2026-01-07 02:33:08,175 | INFO     | Running backtest for ACO_3_0...
2026-01-07 02:33:08,175 | INFO     | Generating strategy file for ACO_3_8...
2026-01-07 02:33:08,176 | INFO     | Running backtest for ACO_3_2...
2026-01-07 02:33:08,177 | INFO     | Generating strategy file for ACO_3_9...
2026-01-07 02:33:08,178 | INFO     | Generating strategy file for ACO_3_10...
2026-01-07 02:33:08,179 | INFO     | Generating strategy file for ACO_3_11...
2026-01-07 02:33:08,180 | INFO     | Generating strategy file for ACO_3_12...
2026-01-07 02:33:08,180 | INFO     | Generating strategy file for ACO_3_13...
2026-01-07 02:33:08,181 | INFO     | Generating strategy file for ACO_3_14...
2026-01-07 02:33:08,194 | INFO     | Running backtest for ACO_3_5...
2026-01-07 02:33:08,195 | INFO     | Running backtest for ACO_3_3...
2026-01-07 02:33:08,196 | INFO     | Running backtest for ACO_3_4...
2026-01-07 02:33:08,196 | INFO     | Running backtest for ACO_3_6...
2026-01-07 02:33:08,196 | INFO     | Running backtest for ACO_3_7...
2026-01-07 02:33:08,200 | INFO     | Running backtest for ACO_3_8...
2026-01-07 02:33:08,212 | INFO     | Running backtest for ACO_3_12...
2026-01-07 02:33:08,210 | INFO     | Running backtest for ACO_3_11...
2026-01-07 02:33:08,209 | INFO     | Running backtest for ACO_3_9...
2026-01-07 02:33:08,213 | INFO     | Running backtest for ACO_3_10...
2026-01-07 02:33:08,213 | INFO     | Running backtest for ACO_3_13...
2026-01-07 02:33:08,215 | INFO     | Running backtest for ACO_3_14...
2026-01-07 02:33:23,345 | INFO     | Backtest finished in 15.2s
2026-01-07 02:33:23,350 | DEBUG    | Detected headers: {'Strategy': 0, 'Trades': 1, 'Avg Profit %': 2, 'Tot Profit USDT': 3, 'Tot Profit %': 4, 'Avg Duration': 5, 'Win Draw Loss Win%': 6, 'Drawdown': 7}
2026-01-07 02:33:23,362 | DEBUG    | Row parts: ['ACO_3_1', '0', '0.00', '0.000', '0.0', '0:00', '0     0     0     0', '0 USDT  0.00%']
2026-01-07 02:33:23,364 | INFO     | ACO_3_1: fitness=0.00, trades=0, win_rate=0.00%
2026-01-07 02:33:23,365 | INFO     | Generating strategy file for ACO_3_15...
2026-01-07 02:33:23,372 | INFO     | Running backtest for ACO_3_15...
2026-01-07 02:33:23,854 | INFO     | Backtest finished in 15.6s
2026-01-07 02:33:23,857 | DEBUG    | Detected headers: {'Strategy': 0, 'Trades': 1, 'Avg Profit %': 2, 'Tot Profit USDT': 3, 'Tot Profit %': 4, 'Avg Duration': 5, 'Win Draw Loss Win%': 6, 'Drawdown': 7}
2026-01-07 02:33:23,863 | DEBUG    | Row parts: ['ACO_3_9', '0', '0.00', '0.000', '0.0', '0:00', '0     0     0     0', '0 USDT  0.00%']
2026-01-07 02:33:23,868 | INFO     | ACO_3_9: fitness=0.00, trades=0, win_rate=0.00%
2026-01-07 02:33:23,895 | INFO     | Generating strategy file for ACO_3_16...
2026-01-07 02:33:23,937 | INFO     | Running backtest for ACO_3_16...
2026-01-07 02:33:24,505 | INFO     | Backtest finished in 16.3s
2026-01-07 02:33:24,515 | DEBUG    | Detected headers: {'Strategy': 0, 'Trades': 1, 'Avg Profit %': 2, 'Tot Profit USDT': 3, 'Tot Profit %': 4, 'Avg Duration': 5, 'Win Draw Loss Win%': 6, 'Drawdown': 7}
2026-01-07 02:33:24,518 | DEBUG    | Row parts: ['ACO_3_6', '0', '0.00', '0.000', '0.0', '0:00', '0     0     0     0', '0 USDT  0.00%']
2026-01-07 02:33:24,529 | INFO     | ACO_3_6: fitness=0.00, trades=0, win_rate=0.00%
2026-01-07 02:33:24,537 | INFO     | Generating strategy file for ACO_3_17...
2026-01-07 02:33:24,549 | INFO     | Running backtest for ACO_3_17...
2026-01-07 02:33:25,608 | INFO     | Backtest finished in 17.4s
2026-01-07 02:33:25,631 | DEBUG    | Detected headers: {'Strategy': 0, 'Trades': 1, 'Avg Profit %': 2, 'Tot Profit USDT': 3, 'Tot Profit %': 4, 'Avg Duration': 5, 'Win Draw Loss Win%': 6, 'Drawdown': 7}
2026-01-07 02:33:25,636 | DEBUG    | Row parts: ['ACO_3_4', '0', '0.00', '0.000', '0.0', '0:00', '0     0     0     0', '0 USDT  0.00%']
2026-01-07 02:33:25,638 | INFO     | ACO_3_4: fitness=0.00, trades=0, win_rate=0.00%
2026-01-07 02:33:25,642 | INFO     | Generating strategy file for ACO_3_18...
2026-01-07 02:33:25,653 | INFO     | Running backtest for ACO_3_18...
2026-01-07 02:33:25,918 | INFO     | Backtest finished in 17.7s
2026-01-07 02:33:25,942 | DEBUG    | Detected headers: {'Strategy': 0, 'Trades': 1, 'Avg Profit %': 2, 'Tot Profit USDT': 3, 'Tot Profit %': 4, 'Avg Duration': 5, 'Win Draw Loss Win%': 6, 'Drawdown': 7}
2026-01-07 02:33:25,954 | DEBUG    | Row parts: ['ACO_3_8', '0', '0.00', '0.000', '0.0', '0:00', '0     0     0     0', '0 USDT  0.00%']
2026-01-07 02:33:25,970 | INFO     | ACO_3_8: fitness=0.00, trades=0, win_rate=0.00%
2026-01-07 02:33:25,983 | INFO     |   Evaluated 5/25 individuals
2026-01-07 02:33:25,978 | INFO     | Backtest finished in 17.8s
2026-01-07 02:33:25,982 | INFO     | Generating strategy file for ACO_3_19...
2026-01-07 02:33:26,005 | DEBUG    | Detected headers: {'Strategy': 0, 'Trades': 1, 'Avg Profit %': 2, 'Tot Profit USDT': 3, 'Tot Profit %': 4, 'Avg Duration': 5, 'Win Draw Loss Win%': 6, 'Drawdown': 7}
2026-01-07 02:33:26,019 | DEBUG    | Row parts: ['ACO_3_2', '5', '-0.08', '-1.349', '-0.13', '2:48:00', '2     2     1  40.0', '6.868 USDT  0.69%']
2026-01-07 02:33:26,018 | INFO     | Backtest finished in 17.8s
2026-01-07 02:33:26,028 | INFO     | ACO_3_2: fitness=-1.35, trades=5, win_rate=40.00%
2026-01-07 02:33:26,030 | INFO     | Running backtest for ACO_3_19...
2026-01-07 02:33:26,032 | DEBUG    | Detected headers: {'Strategy': 0, 'Trades': 1, 'Avg Profit %': 2, 'Tot Profit USDT': 3, 'Tot Profit %': 4, 'Avg Duration': 5, 'Win Draw Loss Win%': 6, 'Drawdown': 7}
2026-01-07 02:33:26,033 | INFO     | Generating strategy file for ACO_3_20...
2026-01-07 02:33:26,054 | DEBUG    | Row parts: ['ACO_3_11', '0', '0.00', '0.000', '0.0', '0:00', '0     0     0     0', '0 USDT  0.00%']
2026-01-07 02:33:26,068 | INFO     | ACO_3_11: fitness=0.00, trades=0, win_rate=0.00%
2026-01-07 02:33:26,072 | INFO     | Running backtest for ACO_3_20...
2026-01-07 02:33:26,097 | INFO     | Generating strategy file for ACO_3_21...
2026-01-07 02:33:26,102 | INFO     | Running backtest for ACO_3_21...
2026-01-07 02:33:26,187 | INFO     | Backtest finished in 18.0s
2026-01-07 02:33:26,189 | DEBUG    | Detected headers: {'Strategy': 0, 'Trades': 1, 'Avg Profit %': 2, 'Tot Profit USDT': 3, 'Tot Profit %': 4, 'Avg Duration': 5, 'Win Draw Loss Win%': 6, 'Drawdown': 7}
2026-01-07 02:33:26,189 | DEBUG    | Row parts: ['ACO_3_3', '1', '1.32', '4.366', '0.44', '2:00:00', '1     0     0   100', '0 USDT  0.00%']
2026-01-07 02:33:26,190 | INFO     | ACO_3_3: fitness=4.37, trades=1, win_rate=100.00%
2026-01-07 02:33:26,191 | INFO     | Generating strategy file for ACO_3_22...
2026-01-07 02:33:26,197 | INFO     | Running backtest for ACO_3_22...
2026-01-07 02:33:26,224 | INFO     | Backtest finished in 18.0s
2026-01-07 02:33:26,225 | DEBUG    | Detected headers: {'Strategy': 0, 'Trades': 1, 'Avg Profit %': 2, 'Tot Profit USDT': 3, 'Tot Profit %': 4, 'Avg Duration': 5, 'Win Draw Loss Win%': 6, 'Drawdown': 7}
2026-01-07 02:33:26,226 | DEBUG    | Row parts: ['ACO_3_12', '14', '0.60', '27.952', '2.8', '4:00:00', '7     7     0   100', '0 USDT  0.00%']
2026-01-07 02:33:26,226 | INFO     | ACO_3_12: fitness=27.95, trades=14, win_rate=100.00%
2026-01-07 02:33:26,227 | INFO     | Generating strategy file for ACO_3_23...
2026-01-07 02:33:26,230 | INFO     | Running backtest for ACO_3_23...
2026-01-07 02:33:26,417 | INFO     | Backtest finished in 18.2s
2026-01-07 02:33:26,421 | DEBUG    | Detected headers: {'Strategy': 0, 'Trades': 1, 'Avg Profit %': 2, 'Tot Profit USDT': 3, 'Tot Profit %': 4, 'Avg Duration': 5, 'Win Draw Loss Win%': 6, 'Drawdown': 7}
2026-01-07 02:33:26,423 | DEBUG    | Row parts: ['ACO_3_10', '0', '0.00', '0.000', '0.0', '0:00', '0     0     0     0', '0 USDT  0.00%']
2026-01-07 02:33:26,425 | INFO     | ACO_3_10: fitness=0.00, trades=0, win_rate=0.00%
2026-01-07 02:33:26,430 | INFO     |   Evaluated 10/25 individuals
2026-01-07 02:33:26,430 | INFO     | Generating strategy file for ACO_3_24...
2026-01-07 02:33:26,440 | INFO     | Running backtest for ACO_3_24...
2026-01-07 02:33:26,507 | INFO     | Backtest finished in 18.3s
2026-01-07 02:33:26,510 | DEBUG    | Detected headers: {'Strategy': 0, 'Trades': 1, 'Avg Profit %': 2, 'Tot Profit USDT': 3, 'Tot Profit %': 4, 'Avg Duration': 5, 'Win Draw Loss Win%': 6, 'Drawdown': 7}
2026-01-07 02:33:26,512 | DEBUG    | Row parts: ['ACO_3_5', '0', '0.00', '0.000', '0.0', '0:00', '0     0     0     0', '0 USDT  0.00%']
2026-01-07 02:33:26,512 | INFO     | ACO_3_5: fitness=0.00, trades=0, win_rate=0.00%
2026-01-07 02:33:26,604 | INFO     | Backtest finished in 18.4s
2026-01-07 02:33:26,613 | DEBUG    | Detected headers: {'Strategy': 0, 'Trades': 1, 'Avg Profit %': 2, 'Tot Profit USDT': 3, 'Tot Profit %': 4, 'Avg Duration': 5, 'Win Draw Loss Win%': 6, 'Drawdown': 7}
2026-01-07 02:33:26,614 | DEBUG    | Row parts: ['ACO_3_14', '0', '0.00', '0.000', '0.0', '0:00', '0     0     0     0', '0 USDT  0.00%']
2026-01-07 02:33:26,615 | INFO     | ACO_3_14: fitness=0.00, trades=0, win_rate=0.00%
2026-01-07 02:33:26,932 | INFO     | Backtest finished in 18.7s
2026-01-07 02:33:26,938 | DEBUG    | Detected headers: {'Strategy': 0, 'Trades': 1, 'Avg Profit %': 2, 'Tot Profit USDT': 3, 'Tot Profit %': 4, 'Avg Duration': 5, 'Win Draw Loss Win%': 6, 'Drawdown': 7}
2026-01-07 02:33:26,945 | DEBUG    | Row parts: ['ACO_3_0', '0', '0.00', '0.000', '0.0', '0:00', '0     0     0     0', '0 USDT  0.00%']
2026-01-07 02:33:26,948 | INFO     | ACO_3_0: fitness=0.00, trades=0, win_rate=0.00%
2026-01-07 02:33:26,960 | INFO     | Backtest finished in 18.7s
2026-01-07 02:33:26,961 | DEBUG    | Detected headers: {'Strategy': 0, 'Trades': 1, 'Avg Profit %': 2, 'Tot Profit USDT': 3, 'Tot Profit %': 4, 'Avg Duration': 5, 'Win Draw Loss Win%': 6, 'Drawdown': 7}
2026-01-07 02:33:26,962 | DEBUG    | Row parts: ['ACO_3_13', '8', '-1.16', '-30.396', '-3.04', '4:08:00', '1     5     2  12.5', '30.396 USDT  3.04%']
2026-01-07 02:33:26,963 | INFO     | ACO_3_13: fitness=-30.40, trades=8, win_rate=12.50%
2026-01-07 02:33:27,654 | INFO     | Backtest finished in 19.4s
2026-01-07 02:33:27,657 | DEBUG    | Detected headers: {'Strategy': 0, 'Trades': 1, 'Avg Profit %': 2, 'Tot Profit USDT': 3, 'Tot Profit %': 4, 'Avg Duration': 5, 'Win Draw Loss Win%': 6, 'Drawdown': 7}
2026-01-07 02:33:27,657 | DEBUG    | Row parts: ['ACO_3_7', '138', '-0.51', '-208.854', '-20.89', '5:59:00', '45    68    25  32.6', '219.299 USDT  21.84%']
2026-01-07 02:33:27,658 | INFO     | ACO_3_7: fitness=-208.85, trades=138, win_rate=32.60%
2026-01-07 02:33:27,661 | INFO     |   Evaluated 15/25 individuals
2026-01-07 02:33:35,389 | INFO     | Backtest finished in 11.4s
2026-01-07 02:33:35,389 | DEBUG    | Detected headers: {'Strategy': 0, 'Trades': 1, 'Avg Profit %': 2, 'Tot Profit USDT': 3, 'Tot Profit %': 4, 'Avg Duration': 5, 'Win Draw Loss Win%': 6, 'Drawdown': 7}
2026-01-07 02:33:35,390 | DEBUG    | Row parts: ['ACO_3_16', '0', '0.00', '0.000', '0.0', '0:00', '0     0     0     0', '0 USDT  0.00%']
2026-01-07 02:33:35,390 | INFO     | ACO_3_16: fitness=0.00, trades=0, win_rate=0.00%
2026-01-07 02:33:36,306 | INFO     | Backtest finished in 11.7s
2026-01-07 02:33:36,310 | DEBUG    | Detected headers: {'Strategy': 0, 'Trades': 1, 'Avg Profit %': 2, 'Tot Profit USDT': 3, 'Tot Profit %': 4, 'Avg Duration': 5, 'Win Draw Loss Win%': 6, 'Drawdown': 7}
2026-01-07 02:33:36,311 | DEBUG    | Row parts: ['ACO_3_17', '0', '0.00', '0.000', '0.0', '0:00', '0     0     0     0', '0 USDT  0.00%']
2026-01-07 02:33:36,313 | INFO     | ACO_3_17: fitness=0.00, trades=0, win_rate=0.00%
2026-01-07 02:33:37,672 | INFO     | Backtest finished in 11.6s
2026-01-07 02:33:37,673 | DEBUG    | Detected headers: {'Strategy': 0, 'Trades': 1, 'Avg Profit %': 2, 'Tot Profit USDT': 3, 'Tot Profit %': 4, 'Avg Duration': 5, 'Win Draw Loss Win%': 6, 'Drawdown': 7}
2026-01-07 02:33:37,673 | DEBUG    | Row parts: ['ACO_3_19', '1', '0.00', '0.000', '0.0', '2:00:00', '0     1     0     0', '0 USDT  0.00%']
2026-01-07 02:33:37,674 | INFO     | ACO_3_19: fitness=0.00, trades=1, win_rate=0.00%
2026-01-07 02:33:37,922 | INFO     | Backtest finished in 11.7s
2026-01-07 02:33:37,923 | DEBUG    | Detected headers: {'Strategy': 0, 'Trades': 1, 'Avg Profit %': 2, 'Tot Profit USDT': 3, 'Tot Profit %': 4, 'Avg Duration': 5, 'Win Draw Loss Win%': 6, 'Drawdown': 7}
2026-01-07 02:33:37,923 | DEBUG    | Row parts: ['ACO_3_23', '1', '-5.19', '-17.142', '-1.71', '21:00:00', '0     0     1     0', '17.142 USDT  1.71%']
2026-01-07 02:33:37,924 | INFO     | ACO_3_23: fitness=-17.14, trades=1, win_rate=0.00%
2026-01-07 02:33:38,179 | INFO     | Backtest finished in 14.8s
2026-01-07 02:33:38,180 | DEBUG    | Detected headers: {'Strategy': 0, 'Trades': 1, 'Avg Profit %': 2, 'Tot Profit USDT': 3, 'Tot Profit %': 4, 'Avg Duration': 5, 'Win Draw Loss Win%': 6, 'Drawdown': 7}
2026-01-07 02:33:38,180 | DEBUG    | Row parts: ['ACO_3_15', '23', '0.04', '2.680', '0.27', '3:23:00', '10    11     2  43.5', '19.179 USDT  1.89%']
2026-01-07 02:33:38,181 | INFO     | ACO_3_15: fitness=2.68, trades=23, win_rate=43.50%
2026-01-07 02:33:38,181 | INFO     |   Evaluated 20/25 individuals
2026-01-07 02:33:38,280 | INFO     | Backtest finished in 12.6s
2026-01-07 02:33:38,282 | DEBUG    | Detected headers: {'Strategy': 0, 'Trades': 1, 'Avg Profit %': 2, 'Tot Profit USDT': 3, 'Tot Profit %': 4, 'Avg Duration': 5, 'Win Draw Loss Win%': 6, 'Drawdown': 7}
2026-01-07 02:33:38,283 | DEBUG    | Row parts: ['ACO_3_18', '10', '0.10', '3.147', '0.31', '5:24:00', '4     5     1  40.0', '17.435 USDT  1.71%']
2026-01-07 02:33:38,283 | INFO     | ACO_3_18: fitness=3.15, trades=10, win_rate=40.00%
2026-01-07 02:33:38,287 | INFO     | Backtest finished in 12.2s
2026-01-07 02:33:38,288 | DEBUG    | Detected headers: {'Strategy': 0, 'Trades': 1, 'Avg Profit %': 2, 'Tot Profit USDT': 3, 'Tot Profit %': 4, 'Avg Duration': 5, 'Win Draw Loss Win%': 6, 'Drawdown': 7}
2026-01-07 02:33:38,288 | DEBUG    | Row parts: ['ACO_3_20', '34', '-0.10', '-12.162', '-1.22', '4:25:00', '12    18     4  35.3', '46.57 USDT  4.51%']
2026-01-07 02:33:38,289 | INFO     | ACO_3_20: fitness=-12.16, trades=34, win_rate=35.30%
2026-01-07 02:33:38,305 | INFO     | Backtest finished in 11.9s
2026-01-07 02:33:38,306 | DEBUG    | Detected headers: {'Strategy': 0, 'Trades': 1, 'Avg Profit %': 2, 'Tot Profit USDT': 3, 'Tot Profit %': 4, 'Avg Duration': 5, 'Win Draw Loss Win%': 6, 'Drawdown': 7}
2026-01-07 02:33:38,306 | DEBUG    | Row parts: ['ACO_3_24', '8', '0.33', '8.620', '0.86', '1:30:00', '2     0     6  25.0', '5.722 USDT  0.57%']
2026-01-07 02:33:38,306 | INFO     | ACO_3_24: fitness=8.62, trades=8, win_rate=25.00%
2026-01-07 02:33:38,372 | INFO     | Backtest finished in 12.3s
2026-01-07 02:33:38,373 | DEBUG    | Detected headers: {'Strategy': 0, 'Trades': 1, 'Avg Profit %': 2, 'Tot Profit USDT': 3, 'Tot Profit %': 4, 'Avg Duration': 5, 'Win Draw Loss Win%': 6, 'Drawdown': 7}
2026-01-07 02:33:38,373 | DEBUG    | Row parts: ['ACO_3_21', '51', '-0.21', '-35.821', '-3.58', '7:22:00', '18    27     6  35.3', '61.857 USDT  6.10%']
2026-01-07 02:33:38,374 | INFO     | ACO_3_21: fitness=-35.82, trades=51, win_rate=35.30%
2026-01-07 02:33:38,513 | INFO     | Backtest finished in 12.3s
2026-01-07 02:33:38,513 | DEBUG    | Detected headers: {'Strategy': 0, 'Trades': 1, 'Avg Profit %': 2, 'Tot Profit USDT': 3, 'Tot Profit %': 4, 'Avg Duration': 5, 'Win Draw Loss Win%': 6, 'Drawdown': 7}
2026-01-07 02:33:38,513 | DEBUG    | Row parts: ['ACO_3_22', '0', '0.00', '0.000', '0.0', '0:00', '0     0     0     0', '0 USDT  0.00%']
2026-01-07 02:33:38,514 | INFO     | ACO_3_22: fitness=0.00, trades=0, win_rate=0.00%
2026-01-07 02:33:38,514 | INFO     |   Evaluated 25/25 individuals
2026-01-07 02:33:38,516 | INFO     | *** New global best: 27.95 ***
2026-01-07 02:33:38,516 | INFO     |   Top 5 pheromones:
2026-01-07 02:33:38,517 | INFO     |     [entry] AD_fast: 3.693
2026-01-07 02:33:38,517 | INFO     |     [entry] WILLR_standard: 2.785
2026-01-07 02:33:38,517 | INFO     |     [exit ] STOCH_fast: 2.785
2026-01-07 02:33:38,517 | INFO     |     [exit ] DEMA_standard: 2.785
2026-01-07 02:33:38,517 | INFO     |     [exit ] TEMA_standard: 2.785
2026-01-07 02:33:38,517 | INFO     |   Bottom 5 pheromones:
2026-01-07 02:33:38,517 | INFO     |     [exit ] ATR_standard: 0.361
2026-01-07 02:33:38,518 | INFO     |     [exit ] NATR_standard: 0.346
2026-01-07 02:33:38,518 | INFO     |     [exit ] APO_standard: 0.311
2026-01-07 02:33:38,518 | INFO     |     [exit ] ATR_fast: 0.311
2026-01-07 02:33:38,518 | INFO     |     [exit ] MOM_slow: 0.244
2026-01-07 02:33:38,518 | INFO     | Iteration 3 summary:
2026-01-07 02:33:38,519 | INFO     |   Global best: 27.95
2026-01-07 02:33:38,519 | INFO     |   Iteration best: 27.95
2026-01-07 02:33:38,519 | INFO     |   Valid solutions: 25/25
2026-01-07 02:33:38,519 | INFO     |   Mean fitness: -10.36
2026-01-07 02:33:38,520 | INFO     | 
============================================================
2026-01-07 02:33:38,520 | INFO     | Iteration 4/100
2026-01-07 02:33:38,520 | INFO     | ============================================================
2026-01-07 02:33:38,527 | INFO     | Constructed 25 individuals, starting parallel evaluation...
2026-01-07 02:33:38,528 | INFO     | Generating strategy file for ACO_4_0...
2026-01-07 02:33:38,529 | INFO     | Generating strategy file for ACO_4_1...
2026-01-07 02:33:38,529 | INFO     | Generating strategy file for ACO_4_2...
2026-01-07 02:33:38,530 | INFO     | Generating strategy file for ACO_4_3...
2026-01-07 02:33:38,530 | INFO     | Generating strategy file for ACO_4_4...
2026-01-07 02:33:38,531 | INFO     | Generating strategy file for ACO_4_5...
2026-01-07 02:33:38,532 | INFO     | Generating strategy file for ACO_4_6...
2026-01-07 02:33:38,532 | INFO     | Running backtest for ACO_4_0...
2026-01-07 02:33:38,532 | INFO     | Generating strategy file for ACO_4_7...
2026-01-07 02:33:38,533 | INFO     | Generating strategy file for ACO_4_8...
2026-01-07 02:33:38,533 | INFO     | Running backtest for ACO_4_1...
2026-01-07 02:33:38,533 | INFO     | Running backtest for ACO_4_2...
2026-01-07 02:33:38,534 | INFO     | Generating strategy file for ACO_4_9...
2026-01-07 02:33:38,534 | INFO     | Generating strategy file for ACO_4_10...
2026-01-07 02:33:38,535 | INFO     | Running backtest for ACO_4_3...
2026-01-07 02:33:38,535 | INFO     | Generating strategy file for ACO_4_11...
2026-01-07 02:33:38,536 | INFO     | Running backtest for ACO_4_4...
2026-01-07 02:33:38,536 | INFO     | Generating strategy file for ACO_4_12...
2026-01-07 02:33:38,537 | INFO     | Running backtest for ACO_4_5...
2026-01-07 02:33:38,537 | INFO     | Generating strategy file for ACO_4_13...
2026-01-07 02:33:38,538 | INFO     | Generating strategy file for ACO_4_14...
2026-01-07 02:33:38,538 | INFO     | Running backtest for ACO_4_6...
2026-01-07 02:33:38,540 | INFO     | Running backtest for ACO_4_7...
2026-01-07 02:33:38,541 | INFO     | Running backtest for ACO_4_8...
2026-01-07 02:33:38,544 | INFO     | Running backtest for ACO_4_9...
2026-01-07 02:33:38,547 | INFO     | Running backtest for ACO_4_10...
2026-01-07 02:33:38,550 | INFO     | Running backtest for ACO_4_11...
2026-01-07 02:33:38,551 | INFO     | Running backtest for ACO_4_12...
2026-01-07 02:33:38,555 | INFO     | Running backtest for ACO_4_13...
2026-01-07 02:33:38,555 | INFO     | Running backtest for ACO_4_14...
2026-01-07 02:33:52,873 | INFO     | Backtest finished in 14.3s
2026-01-07 02:33:52,885 | DEBUG    | Detected headers: {'Strategy': 0, 'Trades': 1, 'Avg Profit %': 2, 'Tot Profit USDT': 3, 'Tot Profit %': 4, 'Avg Duration': 5, 'Win Draw Loss Win%': 6, 'Drawdown': 7}
2026-01-07 02:33:52,887 | DEBUG    | Row parts: ['ACO_4_5', '0', '0.00', '0.000', '0.0', '0:00', '0     0     0     0', '0 USDT  0.00%']
2026-01-07 02:33:52,888 | INFO     | ACO_4_5: fitness=0.00, trades=0, win_rate=0.00%
2026-01-07 02:33:52,890 | INFO     | Generating strategy file for ACO_4_15...
2026-01-07 02:33:52,895 | INFO     | Running backtest for ACO_4_15...
2026-01-07 02:33:53,836 | INFO     | Backtest finished in 15.3s
2026-01-07 02:33:53,867 | DEBUG    | Detected headers: {'Strategy': 0, 'Trades': 1, 'Avg Profit %': 2, 'Tot Profit USDT': 3, 'Tot Profit %': 4, 'Avg Duration': 5, 'Win Draw Loss Win%': 6, 'Drawdown': 7}
2026-01-07 02:33:53,874 | DEBUG    | Row parts: ['ACO_4_7', '0', '0.00', '0.000', '0.0', '0:00', '0     0     0     0', '0 USDT  0.00%']
2026-01-07 02:33:53,874 | INFO     | ACO_4_7: fitness=0.00, trades=0, win_rate=0.00%
2026-01-07 02:33:53,941 | INFO     | Generating strategy file for ACO_4_16...
2026-01-07 02:33:53,976 | INFO     | Running backtest for ACO_4_16...
2026-01-07 02:33:54,359 | INFO     | Backtest finished in 15.8s
2026-01-07 02:33:54,364 | DEBUG    | Detected headers: {'Strategy': 0, 'Trades': 1, 'Avg Profit %': 2, 'Tot Profit USDT': 3, 'Tot Profit %': 4, 'Avg Duration': 5, 'Win Draw Loss Win%': 6, 'Drawdown': 7}
2026-01-07 02:33:54,367 | DEBUG    | Row parts: ['ACO_4_6', '0', '0.00', '0.000', '0.0', '0:00', '0     0     0     0', '0 USDT  0.00%']
2026-01-07 02:33:54,384 | INFO     | ACO_4_6: fitness=0.00, trades=0, win_rate=0.00%
2026-01-07 02:33:54,398 | INFO     | Generating strategy file for ACO_4_17...
2026-01-07 02:33:54,423 | INFO     | Running backtest for ACO_4_17...
2026-01-07 02:33:54,848 | INFO     | Backtest finished in 16.3s
2026-01-07 02:33:54,851 | DEBUG    | Detected headers: {'Strategy': 0, 'Trades': 1, 'Avg Profit %': 2, 'Tot Profit USDT': 3, 'Tot Profit %': 4, 'Avg Duration': 5, 'Win Draw Loss Win%': 6, 'Drawdown': 7}
2026-01-07 02:33:54,861 | DEBUG    | Row parts: ['ACO_4_11', '0', '0.00', '0.000', '0.0', '0:00', '0     0     0     0', '0 USDT  0.00%']
2026-01-07 02:33:54,869 | INFO     | ACO_4_11: fitness=0.00, trades=0, win_rate=0.00%
2026-01-07 02:33:54,870 | INFO     | Generating strategy file for ACO_4_18...
2026-01-07 02:33:54,899 | INFO     | Running backtest for ACO_4_18...
2026-01-07 02:33:55,002 | INFO     | Backtest finished in 16.4s
2026-01-07 02:33:55,002 | INFO     | Backtest finished in 16.4s
2026-01-07 02:33:55,013 | DEBUG    | Detected headers: {'Strategy': 0, 'Trades': 1, 'Avg Profit %': 2, 'Tot Profit USDT': 3, 'Tot Profit %': 4, 'Avg Duration': 5, 'Win Draw Loss Win%': 6, 'Drawdown': 7}
2026-01-07 02:33:55,014 | DEBUG    | Detected headers: {'Strategy': 0, 'Trades': 1, 'Avg Profit %': 2, 'Tot Profit USDT': 3, 'Tot Profit %': 4, 'Avg Duration': 5, 'Win Draw Loss Win%': 6, 'Drawdown': 7}
2026-01-07 02:33:55,019 | DEBUG    | Row parts: ['ACO_4_12', '0', '0.00', '0.000', '0.0', '0:00', '0     0     0     0', '0 USDT  0.00%']
2026-01-07 02:33:55,020 | DEBUG    | Row parts: ['ACO_4_10', '41', '-0.20', '-27.133', '-2.71', '5:34:00', '19    18     4  46.3', '39.819 USDT  3.98%']
2026-01-07 02:33:55,022 | INFO     | ACO_4_12: fitness=0.00, trades=0, win_rate=0.00%
2026-01-07 02:33:55,039 | INFO     |   Evaluated 5/25 individuals
2026-01-07 02:33:55,028 | INFO     | ACO_4_10: fitness=-27.13, trades=41, win_rate=46.30%
2026-01-07 02:33:55,038 | INFO     | Generating strategy file for ACO_4_19...
2026-01-07 02:33:55,048 | INFO     | Generating strategy file for ACO_4_20...
2026-01-07 02:33:55,056 | INFO     | Running backtest for ACO_4_19...
2026-01-07 02:33:55,067 | INFO     | Running backtest for ACO_4_20...
2026-01-07 02:33:55,090 | INFO     | Backtest finished in 16.5s
2026-01-07 02:33:55,100 | DEBUG    | Detected headers: {'Strategy': 0, 'Trades': 1, 'Avg Profit %': 2, 'Tot Profit USDT': 3, 'Tot Profit %': 4, 'Avg Duration': 5, 'Win Draw Loss Win%': 6, 'Drawdown': 7}
2026-01-07 02:33:55,101 | DEBUG    | Row parts: ['ACO_4_13', '0', '0.00', '0.000', '0.0', '0:00', '0     0     0     0', '0 USDT  0.00%']
2026-01-07 02:33:55,114 | INFO     | ACO_4_13: fitness=0.00, trades=0, win_rate=0.00%
2026-01-07 02:33:55,123 | INFO     | Generating strategy file for ACO_4_21...
2026-01-07 02:33:55,133 | INFO     | Running backtest for ACO_4_21...
2026-01-07 02:33:55,208 | INFO     | Backtest finished in 16.7s
2026-01-07 02:33:55,217 | DEBUG    | Detected headers: {'Strategy': 0, 'Trades': 1, 'Avg Profit %': 2, 'Tot Profit USDT': 3, 'Tot Profit %': 4, 'Avg Duration': 5, 'Win Draw Loss Win%': 6, 'Drawdown': 7}
2026-01-07 02:33:55,220 | DEBUG    | Row parts: ['ACO_4_1', '1', '0.00', '0.000', '0.0', '2:00:00', '0     1     0     0', '0 USDT  0.00%']
2026-01-07 02:33:55,221 | INFO     | ACO_4_1: fitness=0.00, trades=1, win_rate=0.00%
2026-01-07 02:33:55,223 | INFO     | Generating strategy file for ACO_4_22...
2026-01-07 02:33:55,232 | INFO     | Running backtest for ACO_4_22...
2026-01-07 02:33:55,657 | INFO     | Backtest finished in 17.1s
2026-01-07 02:33:55,658 | DEBUG    | Detected headers: {'Strategy': 0, 'Trades': 1, 'Avg Profit %': 2, 'Tot Profit USDT': 3, 'Tot Profit %': 4, 'Avg Duration': 5, 'Win Draw Loss Win%': 6, 'Drawdown': 7}
2026-01-07 02:33:55,659 | DEBUG    | Row parts: ['ACO_4_2', '0', '0.00', '0.000', '0.0', '0:00', '0     0     0     0', '0 USDT  0.00%']
2026-01-07 02:33:55,659 | INFO     | ACO_4_2: fitness=0.00, trades=0, win_rate=0.00%
2026-01-07 02:33:55,660 | INFO     | Generating strategy file for ACO_4_23...
2026-01-07 02:33:55,663 | INFO     | Running backtest for ACO_4_23...
2026-01-07 02:33:55,769 | INFO     | Backtest finished in 17.2s
2026-01-07 02:33:55,778 | DEBUG    | Detected headers: {'Strategy': 0, 'Trades': 1, 'Avg Profit %': 2, 'Tot Profit USDT': 3, 'Tot Profit %': 4, 'Avg Duration': 5, 'Win Draw Loss Win%': 6, 'Drawdown': 7}
2026-01-07 02:33:55,780 | DEBUG    | Row parts: ['ACO_4_0', '0', '0.00', '0.000', '0.0', '0:00', '0     0     0     0', '0 USDT  0.00%']
2026-01-07 02:33:55,781 | INFO     | ACO_4_0: fitness=0.00, trades=0, win_rate=0.00%
2026-01-07 02:33:55,789 | INFO     |   Evaluated 10/25 individuals
2026-01-07 02:33:55,788 | INFO     | Generating strategy file for ACO_4_24...
2026-01-07 02:33:55,804 | INFO     | Running backtest for ACO_4_24...
2026-01-07 02:33:56,061 | INFO     | Backtest finished in 17.5s
2026-01-07 02:33:56,063 | DEBUG    | Detected headers: {'Strategy': 0, 'Trades': 1, 'Avg Profit %': 2, 'Tot Profit USDT': 3, 'Tot Profit %': 4, 'Avg Duration': 5, 'Win Draw Loss Win%': 6, 'Drawdown': 7}
2026-01-07 02:33:56,064 | DEBUG    | Row parts: ['ACO_4_4', '0', '0.00', '0.000', '0.0', '0:00', '0     0     0     0', '0 USDT  0.00%']
2026-01-07 02:33:56,065 | INFO     | ACO_4_4: fitness=0.00, trades=0, win_rate=0.00%
2026-01-07 02:33:56,101 | INFO     | Backtest finished in 17.5s
2026-01-07 02:33:56,112 | DEBUG    | Detected headers: {'Strategy': 0, 'Trades': 1, 'Avg Profit %': 2, 'Tot Profit USDT': 3, 'Tot Profit %': 4, 'Avg Duration': 5, 'Win Draw Loss Win%': 6, 'Drawdown': 7}
2026-01-07 02:33:56,115 | DEBUG    | Row parts: ['ACO_4_8', '10', '0.59', '19.513', '1.95', '2:18:00', '3     7     0   100', '0 USDT  0.00%']
2026-01-07 02:33:56,116 | INFO     | ACO_4_8: fitness=19.51, trades=10, win_rate=100.00%
2026-01-07 02:33:56,236 | INFO     | Backtest finished in 17.7s
2026-01-07 02:33:56,238 | DEBUG    | Detected headers: {'Strategy': 0, 'Trades': 1, 'Avg Profit %': 2, 'Tot Profit USDT': 3, 'Tot Profit %': 4, 'Avg Duration': 5, 'Win Draw Loss Win%': 6, 'Drawdown': 7}
2026-01-07 02:33:56,245 | DEBUG    | Row parts: ['ACO_4_3', '2', '0.36', '2.363', '0.24', '2:30:00', '1     1     0   100', '0 USDT  0.00%']
2026-01-07 02:33:56,248 | INFO     | ACO_4_3: fitness=2.36, trades=2, win_rate=100.00%
2026-01-07 02:33:56,314 | INFO     | Backtest finished in 17.7s
2026-01-07 02:33:56,315 | DEBUG    | Detected headers: {'Strategy': 0, 'Trades': 1, 'Avg Profit %': 2, 'Tot Profit USDT': 3, 'Tot Profit %': 4, 'Avg Duration': 5, 'Win Draw Loss Win%': 6, 'Drawdown': 7}
2026-01-07 02:33:56,316 | DEBUG    | Row parts: ['ACO_4_14', '3', '-1.50', '-14.896', '-1.49', '2:20:00', '2     0     1  66.7', '17.165 USDT  1.71%']
2026-01-07 02:33:56,316 | INFO     | ACO_4_14: fitness=-14.90, trades=3, win_rate=66.70%
2026-01-07 02:33:56,436 | INFO     | Backtest finished in 17.9s
2026-01-07 02:33:56,437 | DEBUG    | Detected headers: {'Strategy': 0, 'Trades': 1, 'Avg Profit %': 2, 'Tot Profit USDT': 3, 'Tot Profit %': 4, 'Avg Duration': 5, 'Win Draw Loss Win%': 6, 'Drawdown': 7}
2026-01-07 02:33:56,438 | DEBUG    | Row parts: ['ACO_4_9', '6', '0.10', '2.041', '0.2', '5:40:00', '3     3     0   100', '0 USDT  0.00%']
2026-01-07 02:33:56,439 | INFO     | ACO_4_9: fitness=2.04, trades=6, win_rate=100.00%
2026-01-07 02:33:56,440 | INFO     |   Evaluated 15/25 individuals
2026-01-07 02:34:05,560 | INFO     | Backtest finished in 11.6s
2026-01-07 02:34:05,564 | DEBUG    | Detected headers: {'Strategy': 0, 'Trades': 1, 'Avg Profit %': 2, 'Tot Profit USDT': 3, 'Tot Profit %': 4, 'Avg Duration': 5, 'Win Draw Loss Win%': 6, 'Drawdown': 7}
2026-01-07 02:34:05,565 | DEBUG    | Row parts: ['ACO_4_16', '0', '0.00', '0.000', '0.0', '0:00', '0     0     0     0', '0 USDT  0.00%']
2026-01-07 02:34:05,565 | INFO     | ACO_4_16: fitness=0.00, trades=0, win_rate=0.00%
2026-01-07 02:34:06,165 | INFO     | Backtest finished in 13.3s
2026-01-07 02:34:06,167 | DEBUG    | Detected headers: {'Strategy': 0, 'Trades': 1, 'Avg Profit %': 2, 'Tot Profit USDT': 3, 'Tot Profit %': 4, 'Avg Duration': 5, 'Win Draw Loss Win%': 6, 'Drawdown': 7}
2026-01-07 02:34:06,168 | DEBUG    | Row parts: ['ACO_4_15', '118', '-0.41', '-151.501', '-15.15', '5:49:00', '43    51    24  36.4', '174.638 USDT  17.27%']
2026-01-07 02:34:06,168 | INFO     | ACO_4_15: fitness=-151.50, trades=118, win_rate=36.40%
2026-01-07 02:34:06,947 | INFO     | Backtest finished in 11.8s
2026-01-07 02:34:06,948 | DEBUG    | Detected headers: {'Strategy': 0, 'Trades': 1, 'Avg Profit %': 2, 'Tot Profit USDT': 3, 'Tot Profit %': 4, 'Avg Duration': 5, 'Win Draw Loss Win%': 6, 'Drawdown': 7}
2026-01-07 02:34:06,948 | DEBUG    | Row parts: ['ACO_4_21', '0', '0.00', '0.000', '0.0', '0:00', '0     0     0     0', '0 USDT  0.00%']
2026-01-07 02:34:06,949 | INFO     | ACO_4_21: fitness=0.00, trades=0, win_rate=0.00%
2026-01-07 02:34:07,115 | INFO     | Backtest finished in 11.9s
2026-01-07 02:34:07,116 | DEBUG    | Detected headers: {'Strategy': 0, 'Trades': 1, 'Avg Profit %': 2, 'Tot Profit USDT': 3, 'Tot Profit %': 4, 'Avg Duration': 5, 'Win Draw Loss Win%': 6, 'Drawdown': 7}
2026-01-07 02:34:07,117 | DEBUG    | Row parts: ['ACO_4_22', '0', '0.00', '0.000', '0.0', '0:00', '0     0     0     0', '0 USDT  0.00%']
2026-01-07 02:34:07,117 | INFO     | ACO_4_22: fitness=0.00, trades=0, win_rate=0.00%
2026-01-07 02:34:07,271 | INFO     | Backtest finished in 12.2s
2026-01-07 02:34:07,272 | DEBUG    | Detected headers: {'Strategy': 0, 'Trades': 1, 'Avg Profit %': 2, 'Tot Profit USDT': 3, 'Tot Profit %': 4, 'Avg Duration': 5, 'Win Draw Loss Win%': 6, 'Drawdown': 7}
2026-01-07 02:34:07,273 | DEBUG    | Row parts: ['ACO_4_20', '0', '0.00', '0.000', '0.0', '0:00', '0     0     0     0', '0 USDT  0.00%']
2026-01-07 02:34:07,273 | INFO     | ACO_4_20: fitness=0.00, trades=0, win_rate=0.00%
2026-01-07 02:34:07,273 | INFO     |   Evaluated 20/25 individuals
2026-01-07 02:34:07,278 | INFO     | Backtest finished in 11.6s
2026-01-07 02:34:07,278 | DEBUG    | Detected headers: {'Strategy': 0, 'Trades': 1, 'Avg Profit %': 2, 'Tot Profit USDT': 3, 'Tot Profit %': 4, 'Avg Duration': 5, 'Win Draw Loss Win%': 6, 'Drawdown': 7}
2026-01-07 02:34:07,279 | DEBUG    | Row parts: ['ACO_4_23', '0', '0.00', '0.000', '0.0', '0:00', '0     0     0     0', '0 USDT  0.00%']
2026-01-07 02:34:07,279 | INFO     | ACO_4_23: fitness=0.00, trades=0, win_rate=0.00%
2026-01-07 02:34:07,574 | INFO     | Backtest finished in 13.1s
2026-01-07 02:34:07,575 | DEBUG    | Detected headers: {'Strategy': 0, 'Trades': 1, 'Avg Profit %': 2, 'Tot Profit USDT': 3, 'Tot Profit %': 4, 'Avg Duration': 5, 'Win Draw Loss Win%': 6, 'Drawdown': 7}
2026-01-07 02:34:07,576 | DEBUG    | Row parts: ['ACO_4_17', '2', '1.95', '12.902', '1.29', '2:00:00', '2     0     0   100', '0 USDT  0.00%']
2026-01-07 02:34:07,576 | INFO     | ACO_4_17: fitness=12.90, trades=2, win_rate=100.00%
2026-01-07 02:34:07,748 | INFO     | Backtest finished in 12.8s
2026-01-07 02:34:07,749 | INFO     | Backtest finished in 12.7s
2026-01-07 02:34:07,749 | DEBUG    | Detected headers: {'Strategy': 0, 'Trades': 1, 'Avg Profit %': 2, 'Tot Profit USDT': 3, 'Tot Profit %': 4, 'Avg Duration': 5, 'Win Draw Loss Win%': 6, 'Drawdown': 7}
2026-01-07 02:34:07,750 | DEBUG    | Detected headers: {'Strategy': 0, 'Trades': 1, 'Avg Profit %': 2, 'Tot Profit USDT': 3, 'Tot Profit %': 4, 'Avg Duration': 5, 'Win Draw Loss Win%': 6, 'Drawdown': 7}
2026-01-07 02:34:07,750 | DEBUG    | Row parts: ['ACO_4_18', '15', '-0.17', '-8.432', '-0.84', '5:28:00', '5     9     1  33.3', '17.194 USDT  1.71%']
2026-01-07 02:34:07,751 | DEBUG    | Row parts: ['ACO_4_19', '6', '0.71', '14.035', '1.4', '2:00:00', '4     2     0   100', '0 USDT  0.00%']
2026-01-07 02:34:07,751 | INFO     | ACO_4_18: fitness=-8.43, trades=15, win_rate=33.30%
2026-01-07 02:34:07,751 | INFO     | ACO_4_19: fitness=14.04, trades=6, win_rate=100.00%
2026-01-07 02:34:08,117 | INFO     | Backtest finished in 12.3s
2026-01-07 02:34:08,118 | DEBUG    | Detected headers: {'Strategy': 0, 'Trades': 1, 'Avg Profit %': 2, 'Tot Profit USDT': 3, 'Tot Profit %': 4, 'Avg Duration': 5, 'Win Draw Loss Win%': 6, 'Drawdown': 7}
2026-01-07 02:34:08,118 | DEBUG    | Row parts: ['ACO_4_24', '52', '-0.57', '-94.045', '-9.4', '4:37:00', '24    19     9  46.2', '96.06 USDT  9.60%']
2026-01-07 02:34:08,118 | INFO     | ACO_4_24: fitness=-94.05, trades=52, win_rate=46.20%
2026-01-07 02:34:08,119 | INFO     |   Evaluated 25/25 individuals
2026-01-07 02:34:08,121 | INFO     |   Top 5 pheromones:
2026-01-07 02:34:08,122 | INFO     |     [entry] AD_fast: 3.379
2026-01-07 02:34:08,122 | INFO     |     [exit ] ADOSC_standard: 2.900
2026-01-07 02:34:08,122 | INFO     |     [entry] MACD_slow: 2.588
2026-01-07 02:34:08,122 | INFO     |     [exit ] DEMA_standard: 2.562
2026-01-07 02:34:08,123 | INFO     |     [exit ] TEMA_standard: 2.562
2026-01-07 02:34:08,123 | INFO     |   Bottom 5 pheromones:
2026-01-07 02:34:08,123 | INFO     |     [exit ] ATR_standard: 0.325
2026-01-07 02:34:08,123 | INFO     |     [exit ] NATR_standard: 0.311
2026-01-07 02:34:08,124 | INFO     |     [exit ] APO_standard: 0.280
2026-01-07 02:34:08,124 | INFO     |     [exit ] ATR_fast: 0.250
2026-01-07 02:34:08,124 | INFO     |     [exit ] MOM_slow: 0.219
2026-01-07 02:34:08,124 | INFO     | Iteration 4 summary:
2026-01-07 02:34:08,126 | INFO     |   Global best: 27.95
2026-01-07 02:34:08,126 | INFO     |   Iteration best: 19.51
2026-01-07 02:34:08,127 | INFO     |   Valid solutions: 25/25
2026-01-07 02:34:08,128 | INFO     |   Mean fitness: -9.81
2026-01-07 02:34:08,128 | INFO     | 
============================================================
2026-01-07 02:34:08,128 | INFO     | Iteration 5/100
2026-01-07 02:34:08,128 | INFO     | ============================================================
2026-01-07 02:34:08,138 | INFO     | Constructed 25 individuals, starting parallel evaluation...
2026-01-07 02:34:08,139 | INFO     | Generating strategy file for ACO_5_0...
2026-01-07 02:34:08,140 | INFO     | Generating strategy file for ACO_5_1...
2026-01-07 02:34:08,140 | INFO     | Generating strategy file for ACO_5_2...
2026-01-07 02:34:08,141 | INFO     | Generating strategy file for ACO_5_3...
2026-01-07 02:34:08,143 | INFO     | Generating strategy file for ACO_5_4...
2026-01-07 02:34:08,145 | INFO     | Running backtest for ACO_5_1...
2026-01-07 02:34:08,146 | INFO     | Generating strategy file for ACO_5_5...
2026-01-07 02:34:08,147 | INFO     | Generating strategy file for ACO_5_6...
2026-01-07 02:34:08,147 | INFO     | Running backtest for ACO_5_2...
2026-01-07 02:34:08,149 | INFO     | Generating strategy file for ACO_5_7...
2026-01-07 02:34:08,149 | INFO     | Running backtest for ACO_5_0...
2026-01-07 02:34:08,150 | INFO     | Running backtest for ACO_5_3...
2026-01-07 02:34:08,150 | INFO     | Generating strategy file for ACO_5_8...
2026-01-07 02:34:08,154 | INFO     | Generating strategy file for ACO_5_9...
2026-01-07 02:34:08,155 | INFO     | Generating strategy file for ACO_5_10...
2026-01-07 02:34:08,156 | INFO     | Generating strategy file for ACO_5_11...
2026-01-07 02:34:08,156 | INFO     | Running backtest for ACO_5_4...
2026-01-07 02:34:08,159 | INFO     | Running backtest for ACO_5_7...
2026-01-07 02:34:08,158 | INFO     | Running backtest for ACO_5_6...
2026-01-07 02:34:08,159 | INFO     | Running backtest for ACO_5_5...
2026-01-07 02:34:08,157 | INFO     | Generating strategy file for ACO_5_12...
2026-01-07 02:34:08,163 | INFO     | Generating strategy file for ACO_5_13...
2026-01-07 02:34:08,168 | INFO     | Generating strategy file for ACO_5_14...
2026-01-07 02:34:08,174 | INFO     | Running backtest for ACO_5_8...
2026-01-07 02:34:08,176 | INFO     | Running backtest for ACO_5_9...
2026-01-07 02:34:08,184 | INFO     | Running backtest for ACO_5_12...
2026-01-07 02:34:08,188 | INFO     | Running backtest for ACO_5_13...
2026-01-07 02:34:08,197 | INFO     | Running backtest for ACO_5_10...
2026-01-07 02:34:08,198 | INFO     | Running backtest for ACO_5_11...
2026-01-07 02:34:08,205 | INFO     | Running backtest for ACO_5_14...
2026-01-07 02:34:22,864 | INFO     | Backtest finished in 14.7s
2026-01-07 02:34:22,866 | INFO     | Backtest finished in 14.7s
2026-01-07 02:34:22,868 | INFO     | Backtest finished in 14.7s
2026-01-07 02:34:22,872 | INFO     | Backtest finished in 14.7s
2026-01-07 02:34:22,875 | INFO     | Backtest finished in 14.7s
2026-01-07 02:34:22,876 | INFO     | Backtest finished in 14.7s
2026-01-07 02:34:22,879 | INFO     | Backtest finished in 14.7s
2026-01-07 02:34:22,879 | WARNING  | Backtest returned code 3221225786. Stderr: lugins\pairlist\StaticPairList.py'...
2026-01-07 02:34:20,173 - freqtrade.optimize.backtesting - INFO - Using fee 0.1000% - worst case fee from exchange (lowest tier).
2026-01-07 02:34:20,362 - freqtrade.optimize.backtesting - INFO - Loading data from 2025-10-01 00:00:00 up to 2026-01-06 20:00:00 (97 days).
2026-01-07 02:34:20,555 - freqtrade.optimize.backtesting - INFO - Dataload complete. Calculating indicators
2026-01-07 02:34:20,557 - freqtrade.optimize.backtesting - WARNING - Backtest result caching disabled due to use of open-ended timerange.
2026-01-07 02:34:20,569 - freqtrade.optimize.backtesting - INFO - Running backtesting for Strategy ACO_5_4
2026-01-07 02:34:20,584 - freqtrade.optimize.backtesting - INFO - Backtesting with data from 2025-10-01 00:00:00 up to 2026-01-06 20:00:00 (97 days).
2026-01-07 02:34:20,804 - freqtrade.misc - INFO - dumping json to "C:\Users\irisbridge\Desktop\projects\freqtrade\user_data\backtest_results\backtest-result-2026-01-07_02-34-20.meta.json"

2026-01-07 02:34:22,884 | WARNING  | Backtest returned code 3221225786. Stderr: ugins\pairlist\StaticPairList.py'...
2026-01-07 02:34:20,180 - freqtrade.optimize.backtesting - INFO - Using fee 0.1000% - worst case fee from exchange (lowest tier).
2026-01-07 02:34:20,356 - freqtrade.optimize.backtesting - INFO - Loading data from 2025-10-01 00:00:00 up to 2026-01-06 20:00:00 (97 days).
2026-01-07 02:34:20,556 - freqtrade.optimize.backtesting - INFO - Dataload complete. Calculating indicators
2026-01-07 02:34:20,565 - freqtrade.optimize.backtesting - WARNING - Backtest result caching disabled due to use of open-ended timerange.
2026-01-07 02:34:20,566 - freqtrade.optimize.backtesting - INFO - Running backtesting for Strategy ACO_5_10
2026-01-07 02:34:20,578 - freqtrade.optimize.backtesting - INFO - Backtesting with data from 2025-10-01 00:00:00 up to 2026-01-06 20:00:00 (97 days).
2026-01-07 02:34:20,769 - freqtrade.misc - INFO - dumping json to "C:\Users\irisbridge\Desktop\projects\freqtrade\user_data\backtest_results\backtest-result-2026-01-07_02-34-20.meta.json"

2026-01-07 02:34:22,898 | DEBUG    | Detected headers: {'Strategy': 0, 'Trades': 1, 'Avg Profit %': 2, 'Tot Profit USDT': 3, 'Tot Profit %': 4, 'Avg Duration': 5, 'Win Draw Loss Win%': 6, 'Drawdown': 7}
2026-01-07 02:34:22,886 | WARNING  | Backtest returned code 3221225786. Stderr: ugins\pairlist\StaticPairList.py'...
2026-01-07 02:34:20,704 - freqtrade.optimize.backtesting - INFO - Using fee 0.1000% - worst case fee from exchange (lowest tier).
2026-01-07 02:34:20,907 - freqtrade.optimize.backtesting - INFO - Loading data from 2025-10-01 00:00:00 up to 2026-01-06 20:00:00 (97 days).
2026-01-07 02:34:20,966 - freqtrade.optimize.backtesting - INFO - Dataload complete. Calculating indicators
2026-01-07 02:34:20,968 - freqtrade.optimize.backtesting - WARNING - Backtest result caching disabled due to use of open-ended timerange.
2026-01-07 02:34:20,970 - freqtrade.optimize.backtesting - INFO - Running backtesting for Strategy ACO_5_13
2026-01-07 02:34:20,994 - freqtrade.optimize.backtesting - INFO - Backtesting with data from 2025-10-01 00:00:00 up to 2026-01-06 20:00:00 (97 days).
2026-01-07 02:34:21,163 - freqtrade.misc - INFO - dumping json to "C:\Users\irisbridge\Desktop\projects\freqtrade\user_data\backtest_results\backtest-result-2026-01-07_02-34-21.meta.json"

2026-01-07 02:34:22,903 | DEBUG    | Detected headers: {'Strategy': 0, 'Trades': 1, 'Avg Profit %': 2, 'Tot Profit USDT': 3, 'Tot Profit %': 4, 'Avg Duration': 5, 'Win Draw Loss Win%': 6, 'Drawdown': 7}
2026-01-07 02:34:22,886 | WARNING  | Backtest returned code 3221225786. Stderr: lugins\pairlist\StaticPairList.py'...
2026-01-07 02:34:20,785 - freqtrade.optimize.backtesting - INFO - Using fee 0.1000% - worst case fee from exchange (lowest tier).
2026-01-07 02:34:20,949 - freqtrade.optimize.backtesting - INFO - Loading data from 2025-10-01 00:00:00 up to 2026-01-06 20:00:00 (97 days).
2026-01-07 02:34:21,054 - freqtrade.optimize.backtesting - INFO - Dataload complete. Calculating indicators
2026-01-07 02:34:21,057 - freqtrade.optimize.backtesting - WARNING - Backtest result caching disabled due to use of open-ended timerange.
2026-01-07 02:34:21,058 - freqtrade.optimize.backtesting - INFO - Running backtesting for Strategy ACO_5_8
2026-01-07 02:34:21,075 - freqtrade.optimize.backtesting - INFO - Backtesting with data from 2025-10-01 00:00:00 up to 2026-01-06 20:00:00 (97 days).
2026-01-07 02:34:21,248 - freqtrade.misc - INFO - dumping json to "C:\Users\irisbridge\Desktop\projects\freqtrade\user_data\backtest_results\backtest-result-2026-01-07_02-34-21.meta.json"

2026-01-07 02:34:22,904 | DEBUG    | Row parts: ['ACO_5_4', '0', '0.00', '0.000', '0.0', '0:00', '0     0     0     0', '0 USDT  0.00%']
2026-01-07 02:34:22,889 | WARNING  | Backtest returned code 3221225786. Stderr: lugins\pairlist\StaticPairList.py'...
2026-01-07 02:34:21,115 - freqtrade.optimize.backtesting - INFO - Using fee 0.1000% - worst case fee from exchange (lowest tier).
2026-01-07 02:34:21,330 - freqtrade.optimize.backtesting - INFO - Loading data from 2025-10-01 00:00:00 up to 2026-01-06 20:00:00 (97 days).
2026-01-07 02:34:21,529 - freqtrade.optimize.backtesting - INFO - Dataload complete. Calculating indicators
2026-01-07 02:34:21,532 - freqtrade.optimize.backtesting - WARNING - Backtest result caching disabled due to use of open-ended timerange.
2026-01-07 02:34:21,534 - freqtrade.optimize.backtesting - INFO - Running backtesting for Strategy ACO_5_0
2026-01-07 02:34:21,552 - freqtrade.optimize.backtesting - INFO - Backtesting with data from 2025-10-01 00:00:00 up to 2026-01-06 20:00:00 (97 days).
2026-01-07 02:34:21,721 - freqtrade.misc - INFO - dumping json to "C:\Users\irisbridge\Desktop\projects\freqtrade\user_data\backtest_results\backtest-result-2026-01-07_02-34-21.meta.json"

2026-01-07 02:34:22,905 | DEBUG    | Detected headers: {'Strategy': 0, 'Trades': 1, 'Avg Profit %': 2, 'Tot Profit USDT': 3, 'Tot Profit %': 4, 'Avg Duration': 5, 'Win Draw Loss Win%': 6, 'Drawdown': 7}
2026-01-07 02:34:22,890 | WARNING  | Backtest returned code 3221225786. Stderr: ugins\pairlist\StaticPairList.py'...
2026-01-07 02:34:20,712 - freqtrade.optimize.backtesting - INFO - Using fee 0.1000% - worst case fee from exchange (lowest tier).
2026-01-07 02:34:20,878 - freqtrade.optimize.backtesting - INFO - Loading data from 2025-10-01 00:00:00 up to 2026-01-06 20:00:00 (97 days).
2026-01-07 02:34:20,960 - freqtrade.optimize.backtesting - INFO - Dataload complete. Calculating indicators
2026-01-07 02:34:20,984 - freqtrade.optimize.backtesting - WARNING - Backtest result caching disabled due to use of open-ended timerange.
2026-01-07 02:34:20,986 - freqtrade.optimize.backtesting - INFO - Running backtesting for Strategy ACO_5_12
2026-01-07 02:34:21,007 - freqtrade.optimize.backtesting - INFO - Backtesting with data from 2025-10-01 00:00:00 up to 2026-01-06 20:00:00 (97 days).
2026-01-07 02:34:21,210 - freqtrade.misc - INFO - dumping json to "C:\Users\irisbridge\Desktop\projects\freqtrade\user_data\backtest_results\backtest-result-2026-01-07_02-34-21.meta.json"

2026-01-07 02:34:22,905 | DEBUG    | Row parts: ['ACO_5_10', '0', '0.00', '0.000', '0.0', '0:00', '0     0     0     0', '0 USDT  0.00%']
2026-01-07 02:34:22,892 | WARNING  | Backtest returned code 3221225786. Stderr: lugins\pairlist\StaticPairList.py'...
2026-01-07 02:34:20,687 - freqtrade.optimize.backtesting - INFO - Using fee 0.1000% - worst case fee from exchange (lowest tier).
2026-01-07 02:34:20,865 - freqtrade.optimize.backtesting - INFO - Loading data from 2025-10-01 00:00:00 up to 2026-01-06 20:00:00 (97 days).
2026-01-07 02:34:20,922 - freqtrade.optimize.backtesting - INFO - Dataload complete. Calculating indicators
2026-01-07 02:34:20,924 - freqtrade.optimize.backtesting - WARNING - Backtest result caching disabled due to use of open-ended timerange.
2026-01-07 02:34:20,927 - freqtrade.optimize.backtesting - INFO - Running backtesting for Strategy ACO_5_9
2026-01-07 02:34:20,941 - freqtrade.optimize.backtesting - INFO - Backtesting with data from 2025-10-01 00:00:00 up to 2026-01-06 20:00:00 (97 days).
2026-01-07 02:34:21,088 - freqtrade.misc - INFO - dumping json to "C:\Users\irisbridge\Desktop\projects\freqtrade\user_data\backtest_results\backtest-result-2026-01-07_02-34-21.meta.json"

2026-01-07 02:34:22,906 | DEBUG    | Detected headers: {'Strategy': 0, 'Trades': 1, 'Avg Profit %': 2, 'Tot Profit USDT': 3, 'Tot Profit %': 4, 'Avg Duration': 5, 'Win Draw Loss Win%': 6, 'Drawdown': 7}
2026-01-07 02:34:22,896 | INFO     | Backtest finished in 14.7s
2026-01-07 02:34:22,902 | INFO     | Backtest finished in 14.7s
2026-01-07 02:34:22,907 | INFO     | ACO_5_4: fitness=0.00, trades=0, win_rate=0.00%
2026-01-07 02:34:22,907 | DEBUG    | Detected headers: {'Strategy': 0, 'Trades': 1, 'Avg Profit %': 2, 'Tot Profit USDT': 3, 'Tot Profit %': 4, 'Avg Duration': 5, 'Win Draw Loss Win%': 6, 'Drawdown': 7}
2026-01-07 02:34:22,908 | DEBUG    | Row parts: ['ACO_5_13', '0', '0.00', '0.000', '0.0', '0:00', '0     0     0     0', '0 USDT  0.00%']
2026-01-07 02:34:22,911 | DEBUG    | Detected headers: {'Strategy': 0, 'Trades': 1, 'Avg Profit %': 2, 'Tot Profit USDT': 3, 'Tot Profit %': 4, 'Avg Duration': 5, 'Win Draw Loss Win%': 6, 'Drawdown': 7}
2026-01-07 02:34:22,913 | DEBUG    | Detected headers: {'Strategy': 0, 'Trades': 1, 'Avg Profit %': 2, 'Tot Profit USDT': 3, 'Tot Profit %': 4, 'Avg Duration': 5, 'Win Draw Loss Win%': 6, 'Drawdown': 7}
2026-01-07 02:34:22,912 | INFO     | ACO_5_10: fitness=0.00, trades=0, win_rate=0.00%
2026-01-07 02:34:22,914 | DEBUG    | Row parts: ['ACO_5_8', '0', '0.00', '0.000', '0.0', '0:00', '0     0     0     0', '0 USDT  0.00%']
2026-01-07 02:34:22,914 | WARNING  | Backtest returned code 3221225786. Stderr: lugins\pairlist\StaticPairList.py'...
2026-01-07 02:34:21,768 - freqtrade.optimize.backtesting - INFO - Using fee 0.1000% - worst case fee from exchange (lowest tier).
2026-01-07 02:34:22,005 - freqtrade.optimize.backtesting - INFO - Loading data from 2025-10-01 00:00:00 up to 2026-01-06 20:00:00 (97 days).
2026-01-07 02:34:22,213 - freqtrade.optimize.backtesting - INFO - Dataload complete. Calculating indicators
2026-01-07 02:34:22,216 - freqtrade.optimize.backtesting - WARNING - Backtest result caching disabled due to use of open-ended timerange.
2026-01-07 02:34:22,217 - freqtrade.optimize.backtesting - INFO - Running backtesting for Strategy ACO_5_1
2026-01-07 02:34:22,239 - freqtrade.optimize.backtesting - INFO - Backtesting with data from 2025-10-01 00:00:00 up to 2026-01-06 20:00:00 (97 days).
2026-01-07 02:34:22,397 - freqtrade.misc - INFO - dumping json to "C:\Users\irisbridge\Desktop\projects\freqtrade\user_data\backtest_results\backtest-result-2026-01-07_02-34-22.meta.json"

2026-01-07 02:34:22,915 | WARNING  | Backtest returned code 3221225786. Stderr: lugins\pairlist\StaticPairList.py'...
2026-01-07 02:34:21,414 - freqtrade.optimize.backtesting - INFO - Using fee 0.1000% - worst case fee from exchange (lowest tier).
2026-01-07 02:34:21,574 - freqtrade.optimize.backtesting - INFO - Loading data from 2025-10-01 00:00:00 up to 2026-01-06 20:00:00 (97 days).
2026-01-07 02:34:21,744 - freqtrade.optimize.backtesting - INFO - Dataload complete. Calculating indicators
2026-01-07 02:34:21,747 - freqtrade.optimize.backtesting - WARNING - Backtest result caching disabled due to use of open-ended timerange.
2026-01-07 02:34:21,751 - freqtrade.optimize.backtesting - INFO - Running backtesting for Strategy ACO_5_5
2026-01-07 02:34:21,813 - freqtrade.optimize.backtesting - INFO - Backtesting with data from 2025-10-01 00:00:00 up to 2026-01-06 20:00:00 (97 days).
2026-01-07 02:34:22,098 - freqtrade.misc - INFO - dumping json to "C:\Users\irisbridge\Desktop\projects\freqtrade\user_data\backtest_results\backtest-result-2026-01-07_02-34-22.meta.json"

2026-01-07 02:34:22,919 | DEBUG    | Row parts: ['ACO_5_0', '0', '0.00', '0.000', '0.0', '0:00', '0     0     0     0', '0 USDT  0.00%']
2026-01-07 02:34:22,917 | INFO     | Generating strategy file for ACO_5_15...
2026-01-07 02:34:22,919 | INFO     | ACO_5_13: fitness=0.00, trades=0, win_rate=0.00%
2026-01-07 02:34:22,920 | DEBUG    | Row parts: ['ACO_5_12', '0', '0.00', '0.000', '0.0', '0:00', '0     0     0     0', '0 USDT  0.00%']
2026-01-07 02:34:22,920 | DEBUG    | Row parts: ['ACO_5_9', '0', '0.00', '0.000', '0.0', '0:00', '0     0     0     0', '0 USDT  0.00%']
2026-01-07 02:34:22,921 | INFO     | Generating strategy file for ACO_5_16...
2026-01-07 02:34:22,921 | INFO     | ACO_5_8: fitness=0.00, trades=0, win_rate=0.00%
2026-01-07 02:34:22,922 | DEBUG    | Detected headers: {'Strategy': 0, 'Trades': 1, 'Avg Profit %': 2, 'Tot Profit USDT': 3, 'Tot Profit %': 4, 'Avg Duration': 5, 'Win Draw Loss Win%': 6, 'Drawdown': 7}
2026-01-07 02:34:22,923 | DEBUG    | Detected headers: {'Strategy': 0, 'Trades': 1, 'Avg Profit %': 2, 'Tot Profit USDT': 3, 'Tot Profit %': 4, 'Avg Duration': 5, 'Win Draw Loss Win%': 6, 'Drawdown': 7}
2026-01-07 02:34:22,923 | INFO     | ACO_5_0: fitness=0.00, trades=0, win_rate=0.00%
2026-01-07 02:34:22,925 | INFO     | Generating strategy file for ACO_5_17...
2026-01-07 02:34:22,933 | INFO     | ACO_5_12: fitness=0.00, trades=0, win_rate=0.00%
2026-01-07 02:34:22,933 | INFO     | Running backtest for ACO_5_15...
2026-01-07 02:34:22,934 | INFO     | ACO_5_9: fitness=0.00, trades=0, win_rate=0.00%
2026-01-07 02:34:22,936 | INFO     | Generating strategy file for ACO_5_18...
2026-01-07 02:34:22,937 | INFO     | Generating strategy file for ACO_5_19...
2026-01-07 02:34:22,938 | DEBUG    | Row parts: ['ACO_5_5', '0', '0.00', '0.000', '0.0', '0:00', '0     0     0     0', '0 USDT  0.00%']
2026-01-07 02:34:22,939 | INFO     | Generating strategy file for ACO_5_20...
2026-01-07 02:34:22,939 | INFO     | Running backtest for ACO_5_16...
2026-01-07 02:34:22,940 | INFO     | Generating strategy file for ACO_5_21...
2026-01-07 02:34:22,942 | DEBUG    | Row parts: ['ACO_5_1', '0', '0.00', '0.000', '0.0', '0:00', '0     0     0     0', '0 USDT  0.00%']
2026-01-07 02:34:22,947 | INFO     | Running backtest for ACO_5_17...
2026-01-07 02:34:22,952 | INFO     | Running backtest for ACO_5_18...
2026-01-07 02:34:22,956 | INFO     | Running backtest for ACO_5_19...
2026-01-07 02:34:22,956 | INFO     | ACO_5_5: fitness=0.00, trades=0, win_rate=0.00%
2026-01-07 02:34:22,969 | INFO     | Running backtest for ACO_5_20...
2026-01-07 02:34:22,971 | INFO     | ACO_5_1: fitness=0.00, trades=0, win_rate=0.00%
2026-01-07 02:34:22,986 | INFO     | Running backtest for ACO_5_21...
2026-01-07 02:34:22,990 | INFO     | Generating strategy file for ACO_5_22...
2026-01-07 02:34:22,998 | INFO     | Generating strategy file for ACO_5_23...
2026-01-07 02:34:23,003 | INFO     | Running backtest for ACO_5_22...
2026-01-07 02:34:23,004 | INFO     | Running backtest for ACO_5_23...
2026-01-07 02:34:24,982 | INFO     | Backtest finished in 16.8s
2026-01-07 02:34:24,985 | WARNING  | Could not parse stats from output for ACO_5_7
2026-01-07 02:34:24,989 | DEBUG    | 
2026-01-07 02:34:24,995 | INFO     | ACO_5_7: fitness=0.00, trades=0, win_rate=0.00%
2026-01-07 02:34:25,001 | INFO     | Generating strategy file for ACO_5_24...
2026-01-07 02:34:25,004 | INFO     | Running backtest for ACO_5_24...
2026-01-07 02:34:25,151 | INFO     | Backtest finished in 17.0s
2026-01-07 02:34:25,153 | WARNING  | Could not parse stats from output for ACO_5_2
2026-01-07 02:34:25,155 | DEBUG    | 
2026-01-07 02:34:25,160 | INFO     | ACO_5_2: fitness=0.00, trades=0, win_rate=0.00%
2026-01-07 02:34:25,222 | INFO     | Backtest finished in 17.0s
2026-01-07 02:34:25,224 | WARNING  | Could not parse stats from output for ACO_5_14
2026-01-07 02:34:25,224 | DEBUG    | 
2026-01-07 02:34:25,227 | INFO     | ACO_5_14: fitness=0.00, trades=0, win_rate=0.00%
2026-01-07 02:34:25,235 | INFO     | Backtest finished in 17.1s
2026-01-07 02:34:25,239 | WARNING  | Could not parse stats from output for ACO_5_3
2026-01-07 02:34:25,249 | DEBUG    | 
2026-01-07 02:34:25,252 | INFO     | ACO_5_3: fitness=0.00, trades=0, win_rate=0.00%
2026-01-07 02:34:25,455 | INFO     | Backtest finished in 17.3s
2026-01-07 02:34:25,464 | WARNING  | Could not parse stats from output for ACO_5_11
2026-01-07 02:34:25,469 | DEBUG    | 
2026-01-07 02:34:25,471 | INFO     | ACO_5_11: fitness=0.00, trades=0, win_rate=0.00%
2026-01-07 02:34:25,506 | INFO     | Backtest finished in 17.3s
2026-01-07 02:34:25,507 | WARNING  | Could not parse stats from output for ACO_5_6
2026-01-07 02:34:25,512 | DEBUG    | Result for strategy ACO_5_6
                                              BACKTESTING REPORT                                              
+------------------------------------------------------------------------------------------------------------+
|      Pair | Trades | Avg Profit % | Tot Profit USDT | Tot Profit % | Avg Duration |  Win  Draw  Loss  Win% |
|-----------+--------+--------------+-----------------+--------------+--------------+------------------------|
| DOGE/USDT |      0 |          0.0 |           0.000 |          0.0 |         0:00 |    0     0     0     0 |
|     TOTAL |      0 |          0.0 |           0.000 |          0.0 |         0:00 |    0     0     0     0 |
+------------------------------------------------------------------------------------------------------------+
                                         LEFT OPEN TRADES REPORT                                          
+--------------------------------------------------------------------------------------------------------+
|  Pair | Trades |
2026-01-07 02:34:25,515 | INFO     | ACO_5_6: fitness=0.00, trades=0, win_rate=0.00%
2026-01-07 02:34:30,712 | INFO     | Backtest finished in 5.7s
2026-01-07 02:34:30,713 | WARNING  | Could not parse stats from output for ACO_5_24
2026-01-07 02:34:30,713 | DEBUG    | 
2026-01-07 02:34:30,713 | INFO     | ACO_5_24: fitness=0.00, trades=0, win_rate=0.00%
2026-01-07 02:34:31,002 | INFO     | Backtest finished in 8.0s
2026-01-07 02:34:31,003 | INFO     | Backtest finished in 8.0s
2026-01-07 02:34:31,003 | WARNING  | Could not parse stats from output for ACO_5_16
2026-01-07 02:34:31,003 | WARNING  | Could not parse stats from output for ACO_5_18
2026-01-07 02:34:31,004 | DEBUG    | 
2026-01-07 02:34:31,004 | DEBUG    | 
2026-01-07 02:34:31,005 | INFO     | ACO_5_16: fitness=0.00, trades=0, win_rate=0.00%
2026-01-07 02:34:31,005 | INFO     | ACO_5_18: fitness=0.00, trades=0, win_rate=0.00%
2026-01-07 02:34:31,020 | INFO     | Backtest finished in 8.0s
2026-01-07 02:34:31,020 | WARNING  | Could not parse stats from output for ACO_5_21
2026-01-07 02:34:31,021 | DEBUG    | 
2026-01-07 02:34:31,021 | INFO     | ACO_5_21: fitness=0.00, trades=0, win_rate=0.00%
2026-01-07 02:34:31,034 | INFO     | Backtest finished in 8.0s
2026-01-07 02:34:31,035 | INFO     | Backtest finished in 8.1s
2026-01-07 02:34:31,035 | INFO     | Backtest finished in 8.0s
2026-01-07 02:34:31,035 | WARNING  | Could not parse stats from output for ACO_5_23
2026-01-07 02:34:31,036 | WARNING  | Could not parse stats from output for ACO_5_15
2026-01-07 02:34:31,036 | DEBUG    | 
2026-01-07 02:34:31,036 | WARNING  | Could not parse stats from output for ACO_5_19
2026-01-07 02:34:31,037 | DEBUG    | 
2026-01-07 02:34:31,038 | INFO     | ACO_5_23: fitness=0.00, trades=0, win_rate=0.00%
2026-01-07 02:34:31,038 | INFO     | Backtest finished in 8.0s
2026-01-07 02:34:31,038 | DEBUG    | 
2026-01-07 02:34:31,038 | INFO     | ACO_5_15: fitness=0.00, trades=0, win_rate=0.00%
2026-01-07 02:34:31,039 | WARNING  | Could not parse stats from output for ACO_5_20
2026-01-07 02:34:31,039 | INFO     | ACO_5_19: fitness=0.00, trades=0, win_rate=0.00%
2026-01-07 02:34:31,040 | DEBUG    | 
2026-01-07 02:34:31,040 | INFO     | ACO_5_20: fitness=0.00, trades=0, win_rate=0.00%
2026-01-07 02:34:31,356 | INFO     | Backtest finished in 8.4s
2026-01-07 02:34:31,357 | WARNING  | Could not parse stats from output for ACO_5_22
2026-01-07 02:34:31,357 | DEBUG    | 
2026-01-07 02:34:31,358 | INFO     | ACO_5_22: fitness=0.00, trades=0, win_rate=0.00%
2026-01-07 02:34:31,385 | INFO     | Backtest finished in 8.4s
2026-01-07 02:34:31,385 | WARNING  | Could not parse stats from output for ACO_5_17
2026-01-07 02:34:31,386 | DEBUG    | 
2026-01-07 02:34:31,386 | INFO     | ACO_5_17: fitness=0.00, trades=0, win_rate=0.00%
2026-01-07 02:34:31,386 | INFO     | 
Optimization interrupted by user.
2026-01-07 02:34:31,387 | INFO     | Partial results may be saved in aco_checkpoints/
2026-01-07 02:34:31,387 | INFO     | Sleep prevention disabled (normal power settings restored)
